vendor/github.com/btcsuite/btcd/LICENSE QmZnZZApdsVUwcFaaUVZacV1wCNEDHoTvyCoazcqeUsi1G 802 2
vendor/github.com/btcsuite/btcd/btcec/README.md QmZuwQx1cEDER7kizAQPTv3kfWjgnrX3dMANgotQPgW42H 2847 2
vendor/github.com/btcsuite/btcd/btcec/btcec.go QmZHzCJFVig1qzqWfhT1keZFpxW1s3635i8YqpN3A9uWDY 38423 2
vendor/github.com/btcsuite/btcd/btcec/ciphering.go QmQijpB6ZwdpmHsB5mquxxJ6cxEy6CvBMxZzSViVngRMwY 6215 2
vendor/github.com/btcsuite/btcd/btcec/doc.go QmcGUagaPNY86gCG3fYAP1sSfLWivVPEWwK4n8WnTW4LDb 947 2
vendor/github.com/btcsuite/btcd/btcec/field.go QmSbJD9prtZaPzFdDf2fj4bwYo2ASUU1o3hH9dexfPynAS 52678 2
vendor/github.com/btcsuite/btcd/btcec/gensecp256k1.go QmXTHzwYekVkStAxWKR9TDMtTCggbXVQtP2SGP9W7BaXvF 5991 2
vendor/github.com/btcsuite/btcd/btcec/precompute.go QmZYHsxndpmMyVdSm8asKewCJC1Lss5ybDywmAGidafcLy 1972 2
vendor/github.com/btcsuite/btcd/btcec/privkey.go Qmf3rzeYYicUc7WkijwGvRgit3YAaQmg48oPQThjxCrtdx 2252 2
vendor/github.com/btcsuite/btcd/btcec/pubkey.go QmXwZefKT3CWfdiz9eTpJvr5UaafFC4yRybURCLnBUdV8w 5904 2
vendor/github.com/btcsuite/btcd/btcec/secp256k1.go QmU7YsfBv3px44XqLLWUT2U8T2sR5nZ5XeBKegi5SUqDL2 1189266 2
vendor/github.com/btcsuite/btcd/btcec/signature.go QmQrZTmfMFwsjdhLcpP1NxBanqiAPH2vb5xNgp4EEu7p1y 16568 2
vendor/github.com/cpuguy83/go-md2man/v2/LICENSE.md QmaDkf5aJeFaaDRbSFshfbUjZg3BQgyiU1bDJkLeURrg42 1077 2
vendor/github.com/cpuguy83/go-md2man/v2/md2man/md2man.go Qmf7hJqWp26HJAgUcmZz7F562PmazRzP44GHTVuETK9nsC 353 2
vendor/github.com/cpuguy83/go-md2man/v2/md2man/roff.go Qmbpyj1ME4nvkBBu1YBjkDoYrA9U2PQQ44xxL7RVhabtif 8642 2
vendor/github.com/crackcomm/go-gitignore/.gitignore QmepXUfxEXdjVtCVhrByJ37JtMbC9hy16jR9ZADeALD5an 306 2
vendor/github.com/crackcomm/go-gitignore/.travis.yml QmbLTZDrnvxD1ak77XEzCJgrqNww5JvdNDnLLAX53cFZqQ 468 2
vendor/github.com/crackcomm/go-gitignore/LICENSE Qmc9hghQpx3Qq2goFJKASUrFUaAzbFdVXmEom5cZuZuZ4k 1081 2
vendor/github.com/crackcomm/go-gitignore/README.md QmZgywF431aD9xgfgeKdSWPHhWC59h7BSVjjxXYxJs7UgS 413 2
vendor/github.com/crackcomm/go-gitignore/ignore.go QmX9abyx4unnSvWDWyDVWReJvoLKaZYDv21fPBBhMwdMP1 8281 2
vendor/github.com/gogo/protobuf/AUTHORS QmUg8DmDptHGzr1LZVy9BQiHtL4yWCxz3DrUpHWb3xBsd8 562 2
vendor/github.com/gogo/protobuf/CONTRIBUTORS QmVfS6J99QxQwYdrNRUpqfLkjE7EsU3PjzvLF86Wm2xdGw 845 2
vendor/github.com/gogo/protobuf/LICENSE QmVbcCbShqcZFKEKeyCPZ2GWUEPsemKzePSDzpjCHNEQAy 1681 2
vendor/github.com/gogo/protobuf/proto/Makefile QmQFdJFr4tDQVrkb16SGYoE5NpUXLkcAHDrVRqEfqijigk 1785 2
vendor/github.com/gogo/protobuf/proto/clone.go QmPr3mrB7HSgRxTcnU7ccSSTiTg73cUPT5c22RADfgzqxz 7916 2
vendor/github.com/gogo/protobuf/proto/custom_gogo.go QmR9qPo2HevvMymToibGmXYbw8nHbm7Qj5uo1ghz8MwqWh 1632 2
vendor/github.com/gogo/protobuf/proto/decode.go QmNtqLwZHRrhDKkywRZegbyHHj5GLVEEkWu3RMP4s3Cg6i 11448 2
vendor/github.com/gogo/protobuf/proto/deprecated.go QmV8vS8VEmNuDUnBvzGXXdocZqAUK3MZDpKzhXUnzVNRQR 2494 2
vendor/github.com/gogo/protobuf/proto/discard.go QmdcB2Ws1xJpMqnWgtgNXk8DXqdWLLEPbK75d2CgtEzjkk 10059 2
vendor/github.com/gogo/protobuf/proto/duration.go QmbST3xmsGd4Jm37cbBvwJwCXuu59nm1ckJZimPSAFa5AJ 3787 2
vendor/github.com/gogo/protobuf/proto/duration_gogo.go QmVS3Rfc21YqH5V2hqvjKa4XyHYh4sGPaxq9ZT7GX3yn59 1986 2
vendor/github.com/gogo/protobuf/proto/encode.go QmdtQaV4yadwS5TwubS6Eusdo5wfwfAEunpdKVunsTcHdU 6287 2
vendor/github.com/gogo/protobuf/proto/encode_gogo.go QmcVdugAdVKbTezARZwubhfjdMsg9uuCayW95WQuzidCFD 1566 2
vendor/github.com/gogo/protobuf/proto/equal.go QmaUvHHNTmBSAKinRh9B9tKKPSnX6Ao7eX5S7TgDxS2uhi 8868 2
vendor/github.com/gogo/protobuf/proto/extensions.go QmcZJUtJf3j8rGTEKd6yjuiGP3BK4uiLtMuzsy8ukrzUBg 18294 2
vendor/github.com/gogo/protobuf/proto/extensions_gogo.go QmZKbLrtGXgNHPNbRcUK5kU7RoV3KH3v2kxkCxcsFmQtQP 9969 2
vendor/github.com/gogo/protobuf/proto/lib.go Qmet9DFdVcZUKJoQWdPaa1CvgFdXrQ5xJAAPwmFEgP7utz 27028 2
vendor/github.com/gogo/protobuf/proto/lib_gogo.go QmNSn7vvuemYgrWuMDNXiikNvgUDQV7ddRLNnk2kwWZRmK 1750 2
vendor/github.com/gogo/protobuf/proto/message_set.go QmTMLSGPiZdPuR1ckSAFbp4Za6qpmWCbzNsyciMtv3G1JS 5624 2
vendor/github.com/gogo/protobuf/proto/pointer_reflect.go QmTU1wpd4kMABYMP1WfevJnCTKvQSCCwbVS2SCsM7UgUr3 10572 2
vendor/github.com/gogo/protobuf/proto/pointer_reflect_gogo.go QmXmCH7uxixMcvwmpbue7Q14gWe1Z7AbnUUYo16dtvLb9k 2182 2
vendor/github.com/gogo/protobuf/proto/pointer_unsafe.go QmeLM5xNat8Qs9HE9uCx8kShLWG2GypSm9sRJbkHxB1cu1 9931 2
vendor/github.com/gogo/protobuf/proto/pointer_unsafe_gogo.go QmXrsePmRkCEref857SS3Anz8G1CXtPJ3XCq4qyg1gzxSv 2054 2
vendor/github.com/gogo/protobuf/proto/properties.go QmTsPerrvTpZngqbr6smAE12hNsDh1AReWe2XpqZyJ4J33 17431 2
vendor/github.com/gogo/protobuf/proto/properties_gogo.go Qmd34axPccMNnUZwcnfXeS6TXMAMkzJFPnjUKh1ohXc75r 1602 2
vendor/github.com/gogo/protobuf/proto/skip_gogo.go QmUVV5DjQjuuYwRLm4AAfPrHbnCvVdN32Q26e5zWQFJc1u 3040 2
vendor/github.com/gogo/protobuf/proto/table_marshal.go QmNa473zkxi893hYGTQEBsuD3LRQyywiDVdZBmibvmX1xe 80641 2
vendor/github.com/gogo/protobuf/proto/table_marshal_gogo.go QmQeE2Wu2WSTSFGd69Ndkt1SCqASTgJPtLcUBcX1Vq2PvN 11101 2
vendor/github.com/gogo/protobuf/proto/table_merge.go QmUhVbzUa5JFifhVREz66yRy4gdbQfKVMdR1aazCaQMj3c 17908 2
vendor/github.com/gogo/protobuf/proto/table_unmarshal.go QmUwSHZwSdHtkT2ZMQUKwewrA9tuyBDMAWaT7dEmzzjsHu 55441 2
vendor/github.com/gogo/protobuf/proto/table_unmarshal_gogo.go QmQqGFLexWCSWod2FnZyMkvLKJz8mHB92q7JA56wpe6wjS 9798 2
vendor/github.com/gogo/protobuf/proto/text.go QmX19zqPrEUghpCzao5y6crHXFrG2EMvggGGMnHWSueSvQ 23492 2
vendor/github.com/gogo/protobuf/proto/text_gogo.go QmSq9jokLyktb9NwgENFtfmGx2UPQZZegCXgKXcE23bbBy 1960 2
vendor/github.com/gogo/protobuf/proto/text_parser.go QmPQLKSov3FK31N8UohZwZnL9Z5ByNhfMxGj8ZH7mjBvZs 25791 2
vendor/github.com/gogo/protobuf/proto/timestamp.go QmY3uo1Mx2sxiUS6ppGNK4uGYTovzJGUf1p8oxeA8ymxnb 4314 2
vendor/github.com/gogo/protobuf/proto/timestamp_gogo.go QmaLT1Ue9oj9JmGbCzg6wzMoQX5Mj47ZjRiyAtJrNc6ovK 1986 2
vendor/github.com/gogo/protobuf/proto/wrappers.go QmVx3XMGzDuq9GZqvzCciz3FVHnb6XNTgjdoKx1exEKMeX 49622 2
vendor/github.com/gogo/protobuf/proto/wrappers_gogo.go QmTVwis5PdX8xjjBCnwjikVkWtVPQfpD6NumDDBiDTdxyN 4538 2
vendor/github.com/ipfs/go-cid/.gitignore QmWcKjPPTMEg2FL28wakYEh9Sk2mJCk7THGUinW6beSmpc 13 2
vendor/github.com/ipfs/go-cid/.travis.yml QmSL2W4sc6E4DYmo9f33HeSx8xf6Em4vbHukzvLvnXUbM4 387 2
vendor/github.com/ipfs/go-cid/LICENSE QmU49cuabdM1G6oNMrBJBHvR16MKerFMtRyafZEAmC58P7 1086 2
vendor/github.com/ipfs/go-cid/Makefile Qmc6XFPPuXtpZbY8efgibsT8yPZEXvbrqgnNpveg9yGsRx 89 2
vendor/github.com/ipfs/go-cid/README.md QmNZq5Q9kWREMpemrjVu1wHWUotp7E38bu2o5vzyWQf6WW 2727 2
vendor/github.com/ipfs/go-cid/builder.go QmVE9sN74234rqwRQ45U8qdr2rJDqA8SAptXqtoU29QL3o 1247 2
vendor/github.com/ipfs/go-cid/cid.go QmRjUX54KzYVGPkADD8cctK5h4bnUk9duP7EzBrUs9jwqN 17660 2
vendor/github.com/ipfs/go-cid/cid_fuzz.go Qmb2ABYQeUort1vFUemPqyuNz6Jy2cJ7vrHHRyDi6YPjvY 483 2
vendor/github.com/ipfs/go-cid/codecov.yml QmXYMmf2Kun4GWVNQzbe4a4tuHuoBvJLbrT9vXaxG2ciSN 43 2
vendor/github.com/ipfs/go-cid/deprecated.go QmXjgKnonXwZjEV9JBHarSTkstgPeYmnGuNohuriXtoP3K 624 2
vendor/github.com/ipfs/go-cid/go.mod Qmc2r9tmtrmZgN4C1V99BehhRsF9sGgonLuWrJaMWymuDq 185 2
vendor/github.com/ipfs/go-cid/go.sum QmX2UbyvGzGwX27VUNNTPaS2Kdsj16GSSrQFv2fJ25KiQn 2744 2
vendor/github.com/ipfs/go-cid/set.go QmVyTZQCanb1CjaJDbohGyDYveKucvGhAVjSDGNvNTvUYB 1220 2
vendor/github.com/ipfs/go-cid/varint.go QmfG9JBU4Sp4M4yccyGUNJcmXSVGT7o9RFh5bsMR1wkaGw 1102 2
vendor/github.com/ipfs/go-ipfs-api/.travis.yml QmfY6wuyxC1YZ3FbRAojdxg9ivkrNFQL2KppKZQuTHnQfD 790 2
vendor/github.com/ipfs/go-ipfs-api/LICENSE QmeHSutdXs4jKrt7wKeEnzWAc3mGfHGQsrFoA5hkcrbaHa 1081 2
vendor/github.com/ipfs/go-ipfs-api/README.md QmcaEZCmV6kUd9khcqaDZZiefo8tQ2rbFun8tM9CFPD2Ef 2323 2
vendor/github.com/ipfs/go-ipfs-api/add.go QmWZYBDayHL3mjv8nmfn8jAYYNB949h4WHVmrhFtsi1cjc 3198 2
vendor/github.com/ipfs/go-ipfs-api/bootstrap.go QmZeWAjDhbwQRyDQXFYXFRQQFBiWyM5WNeU3fetiDz1sEw 676 2
vendor/github.com/ipfs/go-ipfs-api/dag.go QmQ3sj2NzYJVd9KCHyYv9dz1zREQX7z1jXvgKNGbShaUhm 1331 2
vendor/github.com/ipfs/go-ipfs-api/go.mod QmWY1Luiwhnn3KSzMQy9cGyxHUEYy4q9qbeHcqMazzS87T 439 2
vendor/github.com/ipfs/go-ipfs-api/go.sum QmQneZwBEqA2xJ6jwtiP9SvG5goxDwQKsSP6o7ucWj4voh 15351 2
vendor/github.com/ipfs/go-ipfs-api/ipns.go QmUGT7FXwoF6zqpZUCrNchbdPEZJBXKMg2WLkRhkjWkuKa 1396 2
vendor/github.com/ipfs/go-ipfs-api/key.go QmeYnAwDsHaUq5qoBR2Bub2CpYWmHeXpV8z8XnxSAQusUZ 1685 2
vendor/github.com/ipfs/go-ipfs-api/logger.go QmVk8Wc5JV92cHtTktZftfgdY85HYutsb1F7u7iSGJ7rTU 888 2
vendor/github.com/ipfs/go-ipfs-api/mfs.go QmRozWSTWFBBNJS7UeZc58jjyzXVshWpFiCKeKX9WW2xdP 7871 2
vendor/github.com/ipfs/go-ipfs-api/options/dag.go QmZdez7gVadzfMGe9pBB1XmdKScxv9VpMRkvwvxUnJikA1 1623 2
vendor/github.com/ipfs/go-ipfs-api/pubsub.go QmbNXEkXTxnLKoq1N8cPjUL8E5P5VPMvfAmZiTVgFfVkd3 1211 2
vendor/github.com/ipfs/go-ipfs-api/request.go QmTWiTtdfjbwVyWbUAn3JRnDXUVpwXv1BPpvV7cAVtFMqT 3998 2
vendor/github.com/ipfs/go-ipfs-api/requestbuilder.go QmdE87L2cMLsoij9w3dZ8bvTdyTtc4EYwn24NBjrEa6HZG 2162 2
vendor/github.com/ipfs/go-ipfs-api/shell.go Qmbipvz8oPRPCyeQQaTRs955AKYMs4SXSCJdBvUiCpzp3f 13024 2
vendor/github.com/ipfs/go-ipfs-api/unixfs.go QmctxpUioxZbqkUhXZVHpwgpaibQrTZrMU7ogbDG8LL9GM 643 2
vendor/github.com/ipfs/go-ipfs-files/.travis.yml QmXtatWHYGvaq5Ci144V4EwervNMEa4TjUHsZG7HsYPYYY 387 2
vendor/github.com/ipfs/go-ipfs-files/LICENSE QmYHpNrh2ioKRKJe5T6xm6qJeJ3PBXiT6MJwimmN3DyYsd 1080 2
vendor/github.com/ipfs/go-ipfs-files/README.md QmNrRaAu7pjsw66Wx6mqQyw8JdEAdEvFLM7gmi3cBpf7hc 1102 2
vendor/github.com/ipfs/go-ipfs-files/file.go QmchuZKPW2XLbp7PoPVgbeTtPsZ4jMFnizZG6u6nmnQcNL 2290 2
vendor/github.com/ipfs/go-ipfs-files/filewriter.go QmXzjabaBamdX2PfCbe959TftM4EkvTR5SqySq9Ci687dr 797 2
vendor/github.com/ipfs/go-ipfs-files/filter.go QmcFSVUyXfe6pniAvrdWgxX1sFBRqRq5PGAJmcLN7Etuic 1545 2
vendor/github.com/ipfs/go-ipfs-files/go.mod QmWProirD37yX6uetAhfiSDBw9wcpZy8n6z2qBkJcWf1YM 182 2
vendor/github.com/ipfs/go-ipfs-files/go.sum QmY6PiE15vzRi2VzJyvZxDrpKEX8Rt5A1VnvWt19pyJPGo 448 2
vendor/github.com/ipfs/go-ipfs-files/is_hidden.go QmaQ1edKpPrKugUPWxeKoraLwrGVz7yU8ubW1c9dAFYAXN 201 2
vendor/github.com/ipfs/go-ipfs-files/is_hidden_windows.go QmaPWTLMmPKJmPT4Qg9dnsWQzSekdSvXjQeFNhwKqZB7PS 388 2
vendor/github.com/ipfs/go-ipfs-files/linkfile.go QmbRGxSUmYCR2kLnEU9dUuKpNFrLQdrsN5mXgYz3Ni92xH 677 2
vendor/github.com/ipfs/go-ipfs-files/multifilereader.go QmSGcabfNu9i6twnDHvBhA5UvSjUtC5MA5ovHbGZzW97kV 3598 2
vendor/github.com/ipfs/go-ipfs-files/multipartfile.go QmSFNzQpZzpfGiwiJJ5m1SC1BPFZMAbLrPAPVbg7Utwmvb 4836 2
vendor/github.com/ipfs/go-ipfs-files/readerfile.go QmUWbb1HyMvK5f1PM8MqjK62WLQ2ztm9HEp1xJCT5U3cq9 1612 2
vendor/github.com/ipfs/go-ipfs-files/serialfile.go QmXZkTJw3yB3RJprvjRHvkPMJoXLBJQ3LfFckDDfw43MF7 3611 2
vendor/github.com/ipfs/go-ipfs-files/slicedirectory.go QmdTmBiYprHKqMWwYSCyvgUaTCMB3JYFxAMZKL7RxXomRg 1705 2
vendor/github.com/ipfs/go-ipfs-files/tarwriter.go Qmf2won6L8ZjrLXzyDvRrgjETrbBHbjn4LFLfeyX4txHXP 2045 2
vendor/github.com/ipfs/go-ipfs-files/util.go QmUENVma2WxUEPAyaaumCLHY4ipLnsJ8wyuNNfr9xStNHo 587 2
vendor/github.com/ipfs/go-ipfs-files/walk.go QmUDC1j48Daf4z2iP4ciLNnVAQN8YRdMdfEE9ZqhbzvEss 545 2
vendor/github.com/ipfs/go-ipfs-files/webfile.go Qmc9weKnKWH9KBzY7gJFDskE86Tm12zNbPCSNcxkWpWnBF 1908 2
vendor/github.com/libp2p/go-buffer-pool/.travis.yml QmSL2W4sc6E4DYmo9f33HeSx8xf6Em4vbHukzvLvnXUbM4 387 2
vendor/github.com/libp2p/go-buffer-pool/LICENSE QmcgpsyWgH8Y8ajJz1Cu72KnS5uo2Aa2LpzU7kinSupNKC 1083 2
vendor/github.com/libp2p/go-buffer-pool/LICENSE-BSD QmX7UNfcCRiXht8ejTqfPgwJFK6r6RNdGM4XU7RaQB1QGA 1528 2
vendor/github.com/libp2p/go-buffer-pool/README.md QmWXRffXJpqwUwH7mHQyJW3C2ymn8WyKrUdgLQrcqAQN4k 2215 2
vendor/github.com/libp2p/go-buffer-pool/buffer.go QmdL9nuATDSDszJPU9fshTXSnGFPyhN6hZ2LaxMDggAtkS 6896 2
vendor/github.com/libp2p/go-buffer-pool/codecov.yml QmXYMmf2Kun4GWVNQzbe4a4tuHuoBvJLbrT9vXaxG2ciSN 43 2
vendor/github.com/libp2p/go-buffer-pool/go.mod QmXKwCWKZqJrGAcn1xKU52avF7sBVQYPUc3PdPXwMAnAvp 49 2
vendor/github.com/libp2p/go-buffer-pool/pool.go QmZuW8JMd9EAFvqrg6TRyJkWGEjpXW8ymuHXKeJtkwRizg 2857 2
vendor/github.com/libp2p/go-buffer-pool/writer.go QmawkQM6an7ZG6mvF45xW7GTzVWobMZUUYo5zFS57cSHF8 2587 2
vendor/github.com/libp2p/go-flow-metrics/.travis.yml QmSL2W4sc6E4DYmo9f33HeSx8xf6Em4vbHukzvLvnXUbM4 387 2
vendor/github.com/libp2p/go-flow-metrics/LICENSE Qmch6SqUCt2bY7zkf8krHyLGSZ1bXjaNZEseTf1JSC3oLe 1080 2
vendor/github.com/libp2p/go-flow-metrics/README.md QmQd8R8ULF2ZuTASiDU3SDsD8SEzEWHAWKEd2AxR2snjut 1266 2
vendor/github.com/libp2p/go-flow-metrics/go.mod QmU5q5eZ55BXnzdGRpP59VmM7epmNhtPhoZNLGsiTtRF6F 50 2
vendor/github.com/libp2p/go-flow-metrics/meter.go QmR4iPtFYaicPHNSMUwvB8x8CuZzcs56vK1k7wQU4oAMZL 1590 2
vendor/github.com/libp2p/go-flow-metrics/registry.go QmSesVX6Znfcw2Df1p97cqxyNaJYASyhp3BFS82rtQP938 2098 2
vendor/github.com/libp2p/go-flow-metrics/sweeper.go QmS95zrCEcMnjR8BAcruqviEcxzC1atnk5JQCoTu76nSCK 4144 2
vendor/github.com/libp2p/go-libp2p-core/LICENSE QmZX9uLscdmq6Lvpwjmyq2MFq2NKXpzcEerkUeUmZw5vYu 246 2
vendor/github.com/libp2p/go-libp2p-core/LICENSE-APACHE QmeN8FEjeDB7hEWqWxhowJhTP7UjavDaYWpwVLJWBkXMRG 561 2
vendor/github.com/libp2p/go-libp2p-core/LICENSE-MIT QmTF5XF8h5tYCpgq3CivVcLQaWJRTv23G67KR1uaJSXhfW 1060 2
vendor/github.com/libp2p/go-libp2p-core/crypto/ecdsa.go QmdN9qvgG9VBF93mpNtdHnwgqn7HUQn1NLGEioLsSh3mre 4723 2
vendor/github.com/libp2p/go-libp2p-core/crypto/ed25519.go QmYrmqNqB5tA6sscgjE8E27Bt67boNd5Mzjmnp92QDHkxK 3948 2
vendor/github.com/libp2p/go-libp2p-core/crypto/key.go QmWcHfwoBwRkgmceaCQPvdcwFoB8ahQmbwSg6Jx5qcGzot 9596 2
vendor/github.com/libp2p/go-libp2p-core/crypto/key_not_openssl.go QmYCrhqnfm6FpoPKWaYQNuNS5USdabDtvhmdBnArVwe8sq 1875 2
vendor/github.com/libp2p/go-libp2p-core/crypto/key_openssl.go Qma5ZwGr3PasUg89TGH5PCgSFo8DTZ1y9sWafT5twMSCw7 2224 2
vendor/github.com/libp2p/go-libp2p-core/crypto/openssl_common.go QmbuGXoDeWtMggfb3eakz8gqhyKVU5PoWziWVqxC7muYeU 2666 2
vendor/github.com/libp2p/go-libp2p-core/crypto/pb/Makefile QmdW3PwPHmfLyk8HL5gci8RhHxtJBraQgqehAankpHkb77 176 2
vendor/github.com/libp2p/go-libp2p-core/crypto/pb/crypto.pb.go QmYsntuLRV3bHC2AE4rAMeBwzs9uBceprTKiywAJcCx8oR 14760 2
vendor/github.com/libp2p/go-libp2p-core/crypto/pb/crypto.proto QmYR2H4QaeRFDwAErGJhqBH2zkzdpQBNn7hZE6GEQdYQSX 331 2
vendor/github.com/libp2p/go-libp2p-core/crypto/rsa_common.go QmT2xyt749QEjWjHFem2okNCKN1yxZ9jE3YbHL3ydJXfng 628 2
vendor/github.com/libp2p/go-libp2p-core/crypto/rsa_go.go QmSotDhTZq7JWb47pnukx82FvpqG5swcafgFd2KxgiqY2R 3552 2
vendor/github.com/libp2p/go-libp2p-core/crypto/rsa_openssl.go QmTX5peXnR1jyZUyVvSc2f2fX9sks7LxrUp6j8JFr239su 1631 2
vendor/github.com/libp2p/go-libp2p-core/crypto/secp256k1.go Qmf9EEef6PfAQg4evvpQNGXZ4CFUVDpH7ywXZzYpS9DyZF 3257 2
vendor/github.com/libp2p/go-libp2p-core/metrics/bandwidth.go QmRzbWoRUko7uoT4Qqfxov3crKMmtSYjptXbJd12HYN7yn 5364 2
vendor/github.com/libp2p/go-libp2p-core/metrics/register.go QmSVAhV4ANUPH5brApRSJGGh3vX2ZiDjNgqprgV1Acf9Db 1822 2
vendor/github.com/libp2p/go-libp2p-core/metrics/reporter.go QmbmHK7AxqXJTEwgRdEj4HusStUwpAfqBUVTumgLoDCX7U 947 2
vendor/github.com/libp2p/go-libp2p-core/peer/addrinfo.go QmNPobK8uEWuHrE41rGX7G1UzAg28c9Lw5ozXPf3LHRsaH 2422 2
vendor/github.com/libp2p/go-libp2p-core/peer/addrinfo_serde.go QmZoBhfMnxBUKSZAtPw68z4q82Py1cZsWvUfQAG7W2cAsh 746 2
vendor/github.com/libp2p/go-libp2p-core/peer/pb/Makefile QmcBjCnxRJ1xS77nuf5RqrtpAsAnfw5TCsuCgHWi4azp45 181 2
vendor/github.com/libp2p/go-libp2p-core/peer/pb/peer_record.pb.go QmQkkH6pnEkziCoqaKWPf9yBs9PVvVC37kcTvEGaq37Jty 15309 2
vendor/github.com/libp2p/go-libp2p-core/peer/pb/peer_record.proto QmdUbngLk5YkoLzgT7Z9ezDahe9DoGsaheJZSnxW8qGYJh 1079 2
vendor/github.com/libp2p/go-libp2p-core/peer/peer.go QmcUhpx3PhP8sYcjrad3WerSiJRLfp47hV2n8TB6o9wQWB 6708 2
vendor/github.com/libp2p/go-libp2p-core/peer/peer_serde.go QmTxcUHBTFvEHpposZpZg1e5uMGPWSQ84xumifGBq9RR3f 1890 2
vendor/github.com/libp2p/go-libp2p-core/peer/record.go QmT3EULhJeS1fSZvexrypufQhDVRjebTcTsm8byT7vd8zX 7128 2
vendor/github.com/libp2p/go-libp2p-core/peer/set.go Qmaapqcahx4Qoy2KQsU9k6gVYfEZpRLmc1MMLuSfF3ox6p 1208 2
vendor/github.com/libp2p/go-libp2p-core/protocol/id.go QmTdh5z9ufFbMRZWbLncm33xNYFdsmVGNeHHCy1jvco348 738 2
vendor/github.com/libp2p/go-libp2p-core/protocol/switch.go QmcfnL3AoNRPHqf67XBUbkSoAvjLx8xKBV75Z5FD39sDeG 3530 2
vendor/github.com/libp2p/go-libp2p-core/record/envelope.go QmNMYeuiX5QG9rsEwCis6YbvRJMemHJHXa9zvdvspYtrTG 9681 2
vendor/github.com/libp2p/go-libp2p-core/record/pb/Makefile QmcBjCnxRJ1xS77nuf5RqrtpAsAnfw5TCsuCgHWi4azp45 181 2
vendor/github.com/libp2p/go-libp2p-core/record/pb/envelope.pb.go QmcoNvHNc2PFew67ApokDbzZjQVuD3GnyfLjN5ud5zTVWu 12662 2
vendor/github.com/libp2p/go-libp2p-core/record/pb/envelope.proto QmPS4hCka8NxzWrUkxmNJUAoRwdG4sTRRWvQRUQUfEzHBd 1018 2
vendor/github.com/libp2p/go-libp2p-core/record/record.go QmQjNnqSfVW4CrvsWNGEc5gVGYibhYniRfJZgXTZ167R1J 3602 2
vendor/github.com/libp2p/go-openssl/.gitignore QmdQM4K3uF1XQhXCx6Lwy8VLWPHGURwJs7BSKfSZJfEuvA 13 2
vendor/github.com/libp2p/go-openssl/AUTHORS QmbHxWeyc1wgZqm5Vt9UBcDPSQE4XRWJ5UbVDpzSev7MYM 876 2
vendor/github.com/libp2p/go-openssl/LICENSE QmQxwvLUSbhHQAC6aqE32ebo4hxWwxijcEta41e4WTCyFE 10273 2
vendor/github.com/libp2p/go-openssl/README.md QmYgozikd6vyDKuz3mRfmrLBGL995TSJhxa3oyNSr8aFCK 1309 2
vendor/github.com/libp2p/go-openssl/bio.go QmfGu7DvMus9yC3wytFtjny29ETsZ9xhrADEZ3xt5wZZxg 6726 2
vendor/github.com/libp2p/go-openssl/build.go QmNNndmCUk5YqCkrhsJKxhhsckXRNiori3pjs6dUnyro8x 1067 2
vendor/github.com/libp2p/go-openssl/build_static.go QmZs8E5ivRnE8bawhagrAMccbHnAeubCSnmasPeNW729H7 1075 2
vendor/github.com/libp2p/go-openssl/cert.go QmX8czeb3T9aXM9zU95ZAjrEFN3Gqy1rpTAsWSuXnzjqUu 11760 2
vendor/github.com/libp2p/go-openssl/ciphers.go QmXmfvLqRaHFeXXFzERZAiY73sYbMnSpFsFtZMDf3YYinT 8469 2
vendor/github.com/libp2p/go-openssl/ciphers_gcm.go QmadVRAnQC5dvsQdN6HYYqagw2VDhdBw3yWSN1zuE8TnRR 4104 2
vendor/github.com/libp2p/go-openssl/conn.go QmZQikxJbzpcwv4xJwBLdUyAN1XsWtNUr8nASeBM7pKn2U 18045 2
vendor/github.com/libp2p/go-openssl/ctx.go QmWmD8TSc9JyPqmYhcUoDhgDTrX5kVWbnqd3xitZk9qa6b 16690 2
vendor/github.com/libp2p/go-openssl/dh.go QmafQHY9MbhDmvsHPEXGkCbrYsmHhviEsT8tMfLijmy4n5 2202 2
vendor/github.com/libp2p/go-openssl/dhparam.go QmSur9kLF27Vm1Kk2M4pZwyu53f2VmVDkQK8PUtvVGrBtS 1717 2
vendor/github.com/libp2p/go-openssl/digest.go QmNSgrVygbTi4H12Dgv9rUhTfp2ZpU7mVCityXDudWyZyM 1438 2
vendor/github.com/libp2p/go-openssl/engine.go QmZwszDdbNFi7NXDzUyacdNJbtH6GmACp6qMt5Y2U4RS19 1184 2
vendor/github.com/libp2p/go-openssl/extension.c QmdN2fePSjjqPwLareCUAc7GdKKu9HsDqZA6TMiF41ucnL 1183 2
vendor/github.com/libp2p/go-openssl/fips.go Qmf2afqAAwxJrrnqTWP5QUxgTC6AmqmXZ1nBD7VHUuZyom 1030 2
vendor/github.com/libp2p/go-openssl/go.mod QmQR7sYhGyRkmdEpG2rz7vJTfS4fxGLmiAEyeFCRkKz1zG 193 2
vendor/github.com/libp2p/go-openssl/go.sum QmWtxJe9zNDBea1pGcoZB69Xa4Bkib5BVZC1TeW9zWtvvq 448 2
vendor/github.com/libp2p/go-openssl/hmac.go QmYYJtAvhmHswVf1sPQPuFp3YbEi43HfLb9JwsgNW5imxD 2286 2
vendor/github.com/libp2p/go-openssl/hostname.c QmXAPv2Sa9AMnkfWwWcvfb5DgGMSAiDaMP8b3Ubjwg92V6 10900 2
vendor/github.com/libp2p/go-openssl/hostname.go QmP3PPDXJTVS2v9a3m46C9ZDgg5vLHfdHEbWVZ4DR4exP4 4147 2
vendor/github.com/libp2p/go-openssl/http.go QmNtb1x9ZmyemYzsKt2a7T2RGRe6nZ1L8q9f2tKjUefq8F 2169 2
vendor/github.com/libp2p/go-openssl/init.go QmXdeei9ECuWzBF2YBF7CDyLqcGziEHTdqDe3kcR4dLkCq 4020 2
vendor/github.com/libp2p/go-openssl/init_posix.go Qmcxe9th6mb3ybKRbBq5KhpmXcDMjcZGm39wd8gAujMCKx 1642 2
vendor/github.com/libp2p/go-openssl/init_windows.go QmZVbm9NrCaXgoD21d17LKZEYKuiWmj2hGZZpAzaygM8Zc 1411 2
vendor/github.com/libp2p/go-openssl/key.go Qmeev5tnvVFJHJuFmoKNRTgPvipVVZzoSruwdCQvxrLdDz 14619 2
vendor/github.com/libp2p/go-openssl/mapping.go Qmf1HSjFrio7C4W61NAFif8FvMVJd9qNiZaZhNszQVpoEZ 1249 2
vendor/github.com/libp2p/go-openssl/md4.go QmYNm9GXtCN5hxxigX3jRpePKLe5GsbctEvKHc4ea57Xhn 2194 2
vendor/github.com/libp2p/go-openssl/md5.go QmWcGnqw1RxukvU61US6Tp3ZeAjAPYsq2m3jP3bvwM7jyJ 2194 2
vendor/github.com/libp2p/go-openssl/net.go QmQvZ3MMBZcMyNV742TxSFyw93gwVAWAcBr2AX3hw3YC91 4077 2
vendor/github.com/libp2p/go-openssl/nid.go QmP7ofZp5Z2iKLirPnJfsptXX8QGwgPyuH8iyBYuJvciV6 10030 2
vendor/github.com/libp2p/go-openssl/object.go QmcxTjNgViA1djCwcLqmF89X2Xyad6xbqkoJYA9g82NqxK 914 2
vendor/github.com/libp2p/go-openssl/pem.go QmUwaQGfxXVgUp1FXqn91mydwD7gUZpoKR5PfwrduH3Qfn 934 2
vendor/github.com/libp2p/go-openssl/sha1.go QmXBsZAhKxu17v5Ra2DRDGSp2kGQ1bLofC6iypErFoKmVg 2297 2
vendor/github.com/libp2p/go-openssl/sha256.go QmWcmPmQnuRiGUW4sQQcHBgoecgKifvQxprcrXAnsBTKNp 2251 2
vendor/github.com/libp2p/go-openssl/shim.c QmQRozpWTd9d5V8Kv95MJhh7NQiaCguQ34QUHeHgZjQ6Wr 18199 2
vendor/github.com/libp2p/go-openssl/shim.h QmRbboAw7L1uAjz9LkAoB4UcvijZGfLaKie8YUXJ8R55w4 8176 2
vendor/github.com/libp2p/go-openssl/sni.c QmRwsDhG5CjrqWhgrM6dt19Do1a1waJoLVJCL4NCdh3mAr 859 2
vendor/github.com/libp2p/go-openssl/ssl.go QmaKS2fWzheUt4wDvniS7rnUj3g4pfXFzigkELiT3Tfcze 5160 2
vendor/github.com/libp2p/go-openssl/tickets.go Qme5PDg4Pryuo75GtrXUcV4HNip6Zt2pSRry7CCdQA4ohe 5916 2
vendor/github.com/libp2p/go-openssl/utils/errors.go QmbG5v4WKhHm3mDCFFF82mnZWCec1VNEbhEFXSrQsrhFf2 1441 2
vendor/github.com/libp2p/go-openssl/utils/future.go QmTXG5knd4bFJ2dvjZZ5xup9mGKSpQxiVSno3qCGrLBvD7 2130 2
vendor/github.com/minio/blake2b-simd/.gitignore QmZZyYYRftJZXPANE4U8VZivZcZFuPkghLuKhJtoY9xfiH 6 2
vendor/github.com/minio/blake2b-simd/.travis.yml QmNQhhsgig9kdSv5KvSa5yLzmod3fqT4jxHjRs1MyfKVjM 202 2
vendor/github.com/minio/blake2b-simd/LICENSE QmaT3xHrXWoufEMt2DgNH6TTCdG533Z4izFq4H2E71pPJB 11358 2
vendor/github.com/minio/blake2b-simd/README.md Qme6fLBvMTDpcsCKkTaJnGAnek8LcuX9WYewMnMVUL77oy 5790 2
vendor/github.com/minio/blake2b-simd/appveyor.yml QmUBV7bvWCb3KdgUF9WLGwYZgPfp7auWJGDP5Bqz1FCSQq 580 2
vendor/github.com/minio/blake2b-simd/blake2b.go QmWQn4aByb8tDsFh3NHZzPKUAJZseayKB8dkHePk2gc5ay 7635 2
vendor/github.com/minio/blake2b-simd/compressAvx2_amd64.go QmZynAsuiSMEUPfWZfqcVg73Nibyrta2frYvFGoLegwPWC 1474 2
vendor/github.com/minio/blake2b-simd/compressAvx2_amd64.s QmPFfQfAeUTtws3fduTnfTyn9mVRurrahMsyXn7snoUuVk 36281 2
vendor/github.com/minio/blake2b-simd/compressAvx_amd64.go QmTBXMKh1dgCFvtp4JRuXoHcgN9rHhP6h1739LbSkComsj 1273 2
vendor/github.com/minio/blake2b-simd/compressAvx_amd64.s QmeLcx1zfNXfLCt8r6Ep1m5hLCehPLoAbnYvk1RWJpK6d2 35371 2
vendor/github.com/minio/blake2b-simd/compressSse_amd64.go QmSyyewieaUVwedzA8sMJNBrL7fLE3vbVhPwcdfW4bvmmo 1273 2
vendor/github.com/minio/blake2b-simd/compressSse_amd64.s QmeXWFgv6sCjwgUQpXfjaBkQYbDnAvpM4hQAsMPb5ZxJbH 37695 2
vendor/github.com/minio/blake2b-simd/compress_amd64.go QmXBBmz1MjvU5a5sGjH4XdRnKbT4EFHaG22B8ixGxMPkxD 880 2
vendor/github.com/minio/blake2b-simd/compress_generic.go QmVKaCwMKbuotDEhVf5A2maTUfnEC6idiFAAE86D2pwZZd 24452 2
vendor/github.com/minio/blake2b-simd/compress_noasm.go Qmc9XACse3MjYB5i8YUvPLjJh4FthRLC7EQQ2XiL797qar 724 2
vendor/github.com/minio/blake2b-simd/cpuid.go QmfE69yuayFx8N9njJUNsp5noyohngcqYRc2EJwk3g3JuL 1631 2
vendor/github.com/minio/blake2b-simd/cpuid_386.s QmUqRDaihjh5YxZRTAU4Bq7v8Mh8VhEDVWW6iNbBqMW7TX 860 2
vendor/github.com/minio/blake2b-simd/cpuid_amd64.s Qme3grExaYXUpysVxXiRhjQ7mzWkqogmggk6FFFdHyXkum 865 2
vendor/github.com/minio/sha256-simd/.gitignore QmZZyYYRftJZXPANE4U8VZivZcZFuPkghLuKhJtoY9xfiH 6 2
vendor/github.com/minio/sha256-simd/.travis.yml QmWNPzvC1gMxbAh74WWQXqgaEJ4n5QzR8F52zBKjhjrPpx 283 2
vendor/github.com/minio/sha256-simd/LICENSE QmaT3xHrXWoufEMt2DgNH6TTCdG533Z4izFq4H2E71pPJB 11358 2
vendor/github.com/minio/sha256-simd/README.md QmQo2p4Xzvcw2Wb7fj5Ci92FpFL5pDbJpB3NZjygf4HvZm 8029 2
vendor/github.com/minio/sha256-simd/appveyor.yml QmXb5potWriDQyZmm6kp7Sxs799NPj13nX8qjH5hUPq6Wr 579 2
vendor/github.com/minio/sha256-simd/cpuid.go QmQDVxLuvYHP6YfpYxfZywVtsdA4nXtRUdhSE1dryVPjFW 2664 2
vendor/github.com/minio/sha256-simd/cpuid_386.go QmbFjhSofUeRX9XnyMxSQApHj6Edis8tdehRcPPRUcMqWW 816 2
vendor/github.com/minio/sha256-simd/cpuid_386.s QmWLGXDN9CihHN3VFpRXdYCEMvyEjDzuHC8x5VFTq22Nk7 1769 2
vendor/github.com/minio/sha256-simd/cpuid_amd64.go QmbFjhSofUeRX9XnyMxSQApHj6Edis8tdehRcPPRUcMqWW 816 2
vendor/github.com/minio/sha256-simd/cpuid_amd64.s QmWjLyw53SkMcDC4pgkNNP3icu2rZdqJyvfnBWs8afxuqK 1773 2
vendor/github.com/minio/sha256-simd/cpuid_arm.go QmVMUoMcsjuDGyfdoMDnhupNyQBYwVff18Pttq8cnhiWqC 881 2
vendor/github.com/minio/sha256-simd/cpuid_linux_arm64.go QmeYKXVKQvMMqTbDvbcFEsKrZ9xhMma8iqjKg64yi8cUU5 1191 2
vendor/github.com/minio/sha256-simd/cpuid_other.go QmW2txrhTembgr8iY3WtRgDePojvmFVcCRsNpuWfVgx8jx 929 2
vendor/github.com/minio/sha256-simd/go.mod QmXjf58gujBH8NsLoFgiddT4497qVzE5n4mD5uoCfa4gEf 45 2
vendor/github.com/minio/sha256-simd/sha256.go QmZAncNVDEyL8J26Ex5s2PaAiCaYsuU31bKxE5ucyb69mG 7615 2
vendor/github.com/minio/sha256-simd/sha256blockAvx2_amd64.go QmXZidksEEHFyQwGfpiVB5dpqqo1CBk8454UKSHsPpTYvm 713 2
vendor/github.com/minio/sha256-simd/sha256blockAvx2_amd64.s QmSGEyehaRRTzyrZNZ9qsZjGp1PfgTjbSBZshqjGJ1NbZc 75855 2
vendor/github.com/minio/sha256-simd/sha256blockAvx512_amd64.asm QmeF4mCRBbcMScCwE129sDAz8uGWhPumXAsYDTs6PUvzeN 33500 2
vendor/github.com/minio/sha256-simd/sha256blockAvx512_amd64.go QmSJKzGz2nCxCg3YRp3GqJizKLJsxJfGsiVyayKDsHAZqZ 20477 2
vendor/github.com/minio/sha256-simd/sha256blockAvx512_amd64.s QmZVcn6Fs7iFyagjEeWtXASLySkQN7krCsV8MtyS3wnjrX 55915 2
vendor/github.com/minio/sha256-simd/sha256blockAvx_amd64.go QmdeqihHFYsZykEApSXWg7ay2cLdhpZsQeTDsNC5ShVFTz 763 2
vendor/github.com/minio/sha256-simd/sha256blockAvx_amd64.s QmWdMZpjJ49apf95vaaGVebBgQjVEXronFYfHbyDVMZrTg 18929 2
vendor/github.com/minio/sha256-simd/sha256blockSha_amd64.go QmQ3BxYuwzvSWGcK5ba6tx6bVSeYZLYvwjRCz2HwPM3V6a 103 2
vendor/github.com/minio/sha256-simd/sha256blockSha_amd64.s QmYY9mBH6ZuSsZ983y6yZb1tbQxqyr22Lb6bCkox9FqhqX 8170 2
vendor/github.com/minio/sha256-simd/sha256blockSsse_amd64.go QmS3mL6Pb3ya7ziRMmdme1LEJ9tKrXZ5JTJgo22wYwrZo5 764 2
vendor/github.com/minio/sha256-simd/sha256blockSsse_amd64.s QmYiL9ZYvAfDoXCh8TBF9pu9pbYeZ3Gtpsq2FTvrteYFvN 19582 2
vendor/github.com/minio/sha256-simd/sha256block_amd64.go QmVry76iuyJXjETpGkY2d7ZTBxoewtRbqKxDDDRCxx9eQR 1670 2
vendor/github.com/minio/sha256-simd/sha256block_arm64.go QmPNUNLG5Gh2TfDJvBTfwPdLWRKiXNKyVG5L7T4Ym3878N 1180 2
vendor/github.com/minio/sha256-simd/sha256block_arm64.s QmV9J9SPMwRMjTsRuweQJU8stQcQ2YMgwM3gyJw8JrgSSf 7521 2
vendor/github.com/minio/sha256-simd/sha256block_other.go QmNSobUy6Nf2urAacjMEXvhuLQdphws5m3dET2mds2adZs 882 2
vendor/github.com/minio/sha256-simd/test-architectures.sh QmfRFJm8EJtPfh4KYaJjjP98wbKzf1C36sPur9MwnrY75M 461 2
vendor/github.com/mitchellh/go-homedir/LICENSE QmUWKUdvDKGuxNhvbxdo7pABY1XHaMX9D3yfQfbmmPMcz1 1085 2
vendor/github.com/mitchellh/go-homedir/README.md QmNuTox4S1mez6VUGD5M8yHtFjKDAGxwdqagm5YtdrbWzq 681 2
vendor/github.com/mitchellh/go-homedir/go.mod QmYVu2SK3tNskwQyKDB8nv7ZfFZqZT7PnWgjVJSYKwNN6C 39 2
vendor/github.com/mitchellh/go-homedir/homedir.go QmXwhwukRdVmcpLnxsaa8mvDTMUiVvTpdWUjXtHHPeZDpz 3780 2
vendor/github.com/mr-tron/base58/LICENSE QmcZgEDbProPCpZbT8QNDUnE7juZXvgkx34Gd6vtedNLnh 1135 2
vendor/github.com/mr-tron/base58/base58/DEPRECATED.md QmYpaFt9RgEp2tKMuWDnJvwG6KNVuh1GUSL7u7BCa1gZmg 160 2
vendor/github.com/mr-tron/base58/base58/alphabet.go QmYLSXDMTsACaWybVwTGSYXak1DRMCofmqjhwVGzvKZBWU 822 2
vendor/github.com/mr-tron/base58/base58/base58.go QmRJBC1CVG76X78HG7cGxQFLB1ZfCD5hiRjVTzAY8ev71m 6181 2
vendor/github.com/multiformats/go-base32/LICENSE QmWQPCipVXe6idxUjxqqP8vLcbqzqfd6rw7Cq5GgQ89tu8 1479 2
vendor/github.com/multiformats/go-base32/base32.go QmdHA15VBpKTEQTYYo3iWrQzVyxHEwRceCjJn9QjRBm3yi 11902 2
vendor/github.com/multiformats/go-base32/go.mod QmZ6VxTfvP53NpNRNcSXbhNaC63edLFYm6rv4sfcQhXLEL 41 2
vendor/github.com/multiformats/go-base32/package.json QmZmeZFJCntJSMaEYGKk7o1TL8aWK7NE4sQodDvcxkL8KL 275 2
vendor/github.com/multiformats/go-base36/LICENSE.md QmU9CgT8PU3tLveegnADDcFVBG9EatkBtiMkc8WnPXvLR8 1181 2
vendor/github.com/multiformats/go-base36/README.md QmacPPNiLPGyZ7JtEE9q77mLXxqdrtCjerb2X1gpeRUqJj 556 2
vendor/github.com/multiformats/go-base36/base36.go QmfLsgNEHMm2DhidMaNhDrCukTJfbnbyorjmu3zMkqxjuv 3560 2
vendor/github.com/multiformats/go-base36/go.mod Qmag19ACpMd8SUxuF2ZuwWx7iSejozzMNtEiefC4VUwrfS 50 2
vendor/github.com/multiformats/go-base36/go.sum QmbFMke1KXqnYyBBWxB74N4c5SBnJMVAiMNRcGu6x1AwQH 0 2
vendor/github.com/multiformats/go-multiaddr/.gitignore QmTnVE8JdfReKCKTszGn4PnWx8gzQdKSJHusZqjaddzixd 34 2
vendor/github.com/multiformats/go-multiaddr/.travis.yml QmQrcPBRf5XQXAVmpZTPzjp2bMRUFjbJmPVraewpsf2URQ 435 2
vendor/github.com/multiformats/go-multiaddr/LICENSE QmcgpsyWgH8Y8ajJz1Cu72KnS5uo2Aa2LpzU7kinSupNKC 1083 2
vendor/github.com/multiformats/go-multiaddr/Makefile QmSp8ww4x3JU4YQ5Xu3RZe7A69aFJavtcNw1gDhAsY8ezx 299 2
vendor/github.com/multiformats/go-multiaddr/README.md QmYpk9hgZNiAAfQLA9FPqTbbM3DjgMYnmWzjJnju3x8Ceh 3808 2
vendor/github.com/multiformats/go-multiaddr/codec.go QmXziNqfUydHudtMtJt82eYC34zrD596ALJfhYBpxJmziD 3818 2
vendor/github.com/multiformats/go-multiaddr/codecov.yml QmZLKQs4zWm2SkCZ7qu3jSGfFQJQ99UoR8oWHxfZXjdnKM 24 2
vendor/github.com/multiformats/go-multiaddr/component.go QmdvpnQLX9JGsEwG4smcyBoSCTsSXStk6zoQQQiCE3g5no 3729 2
vendor/github.com/multiformats/go-multiaddr/doc.go QmUHV5EV2P1sf9cG6iNxoejj8nD5sQt4ov8cShU7BXZAtQ 1117 2
vendor/github.com/multiformats/go-multiaddr/filter.go QmUn99fCHvLAepRTB1SoKdPJkmp4rjnuCznnL4SDgUJoxV 4565 2
vendor/github.com/multiformats/go-multiaddr/go.mod QmaqhbbuVHXVjTNZ9kVEv9rvnMzTGmWy3L4zrBBmqBS8E8 185 2
vendor/github.com/multiformats/go-multiaddr/go.sum QmVvdPUFqq2Z9MF4q5t9HXZttrZ5PUNwt3xAQbRusBMNWJ 3111 2
vendor/github.com/multiformats/go-multiaddr/interface.go QmVzLw8q8kR9K9qBvPQ6fE3ZAedFmBgsg6HpCDBWdvWznC 1774 2
vendor/github.com/multiformats/go-multiaddr/multiaddr.go Qmd1RbR4k3a7khvQDhL9zJTtJhmNcV5zp2LhJTpZe7isQG 4123 2
vendor/github.com/multiformats/go-multiaddr/net/convert.go QmTuy5knnm5rFkiZntZpMCTbnND8WAQTXyb4BNmgpN7VRS 7316 2
vendor/github.com/multiformats/go-multiaddr/net/doc.go QmPrgZmoMYrVjrWtjSFWbJ2ai32xv3PAkGydLthe48QQB3 236 2
vendor/github.com/multiformats/go-multiaddr/net/ip.go QmWPbah3xG59Tqi214jB7v9YTaiNSJEiyRASRDnKhArJQm 2728 2
vendor/github.com/multiformats/go-multiaddr/net/net.go QmfFByjnhMvmEBR84kXArmqskMFh3gs5bw4bTz4pSkS5V4 11171 2
vendor/github.com/multiformats/go-multiaddr/net/private.go QmXinnR3fZcmFgZz51f5gMTnWmQjm1y7tPpHsAweBNrXVr 2459 2
vendor/github.com/multiformats/go-multiaddr/net/registry.go QmXVEA17GA64vopfJMnBVXDEjQUm7TCxYhffivZuuMUNqi 4068 2
vendor/github.com/multiformats/go-multiaddr/package.json QmeeqRn3XF9QUrB3aF6t7t7PZYBKjFTpRAayWm2ZR7xB35 516 2
vendor/github.com/multiformats/go-multiaddr/protocol.go Qmdiy3d5SndKMZpwtd6B7z5Dhfa1GAdgLoGdXPuNVcu3UK 3719 2
vendor/github.com/multiformats/go-multiaddr/protocols.go QmPi1vxRWynyw5CxCqH2pUorXZNa7tbKTaQmmGM6pohNyY 5509 2
vendor/github.com/multiformats/go-multiaddr/transcoders.go QmaEHgnX4ZzXmA6WpK9NkUFCHbm3antpkZYT5U8zzHR4mJ 10089 2
vendor/github.com/multiformats/go-multiaddr/util.go QmfGRwhkHsjo9uM4i3NF37Yu94jDQRMrj7mWx92LKPhaXC 3529 2
vendor/github.com/multiformats/go-multiaddr/varint.go QmUkJPnCwthkmjY1U8vLRMqv5fjc4Sy4jLRoiaUyQSQJNi 533 2
vendor/github.com/multiformats/go-multiaddr-net/.gitignore QmTzR5B9ff6yopzavMyixgcQKkLH6vUqj2x2NvSXDFdHCv 14 2
vendor/github.com/multiformats/go-multiaddr-net/.travis.yml QmQpk5EKTHoNiPytrmFJ2fMtaq1DP5RdEKFbU9giSe9JfC 394 2
vendor/github.com/multiformats/go-multiaddr-net/LICENSE QmcgpsyWgH8Y8ajJz1Cu72KnS5uo2Aa2LpzU7kinSupNKC 1083 2
vendor/github.com/multiformats/go-multiaddr-net/Makefile QmVABWiJ2pzL8KPmcN6e2JLExiyVP5JJptHvi7YMaqUQdM 174 2
vendor/github.com/multiformats/go-multiaddr-net/README.md QmUVngFeSZAeDtsYjd86GB7RzTbpK8eP6ZGCssA1xkYGXC 2773 2
vendor/github.com/multiformats/go-multiaddr-net/convert.go QmWnaEgMLARJ9GjaY3kUgXQWSTQzKpTLmuCyv3ekJMW7a8 1025 2
vendor/github.com/multiformats/go-multiaddr-net/doc.go QmZzCbb3y3oWjX7wCwGpmwXBJnHovkTVxXXKkcj83n7aNS 74 2
vendor/github.com/multiformats/go-multiaddr-net/go.mod QmT2cgD87qMTuqbXrE46UbdDUXx7Qu241PAw5tv8uXZ6Qy 110 2
vendor/github.com/multiformats/go-multiaddr-net/go.sum QmSvNiVmykNVbt2KVt9WxdXMw3DyhWTrPo681e7Nq1fjBU 3395 2
vendor/github.com/multiformats/go-multiaddr-net/ip.go QmeNAApQh6TAD7SWwpWyKcW329iRpyvNr1DpSZWHVipTS7 1213 2
vendor/github.com/multiformats/go-multiaddr-net/net.go QmZGcJ4wT44gyQXe8abPeJt3N12K7eYigbauP9tmyBheub 1946 2
vendor/github.com/multiformats/go-multiaddr-net/private.go QmY7aezqXvpyomNBQKgmKaP5iKYqnAnhdnGDeiXoWpdRL4 786 2
vendor/github.com/multiformats/go-multiaddr-net/registry.go QmPhr6eJVYvaG1Gyp1f9k1sNdXRqjyDUXuhuuCEXd9t3TN 816 2
vendor/github.com/multiformats/go-multibase/.codecov.yml QmeTE7W9z7uZnDFEkDhE3V5i7fJEoweQtKYtbKdWXprLJ6 13 2
vendor/github.com/multiformats/go-multibase/.gitignore QmeMJcAVnT1Epx4VKaTCicAHbqDxDRwY6oJ6epPXz77481 37 2
vendor/github.com/multiformats/go-multibase/.gitmodules QmaskQ29C6Fy6ieP5Y54QitbuizjDLnqnX2P6RuWJ2M6gF 85 2
vendor/github.com/multiformats/go-multibase/.travis.yml QmQBjc3daJyTxLoN8sipdiYPuwYCjfkJR4x2q2mCB3iAA2 394 2
vendor/github.com/multiformats/go-multibase/LICENSE QmU9VmaAzwHb9bsQqoPFi6SKbXD1hfWdM9y8bJFBxkMfkt 1085 2
vendor/github.com/multiformats/go-multibase/Makefile QmUCS7gbizrSJQhyvWeW3zbqRV9d5diQtd4RhTv4UJJvww 101 2
vendor/github.com/multiformats/go-multibase/README.md QmaznDUFgnDz8YLdWvxZPTFRux2wXu9ePvxLVPkjnyHes5 1790 2
vendor/github.com/multiformats/go-multibase/base16.go QmdnNaZb4TVNq4hB11jVqjmfKpkn6v7URXyofk6p5SzqmK 433 2
vendor/github.com/multiformats/go-multibase/base2.go QmURdAyrd6yWKBTzEMbFSVomof5kkUzw9pk4t8mXK4MHh4 1112 2
vendor/github.com/multiformats/go-multibase/base32.go QmQkv7mqci5VehkoYAuFJe3cuR9rCgQ6XTA9VZi4juUhm1 671 2
vendor/github.com/multiformats/go-multibase/encoder.go QmTDj1rfm6gVUNEsHjG8i7qynrVLLuvAyVuQRj59P53Rsy 1500 2
vendor/github.com/multiformats/go-multibase/go.mod QmPNWvBpVeJoemrWt54rpw72rQ4htHDut5CmDRPJC6TKuh 184 2
vendor/github.com/multiformats/go-multibase/go.sum QmPw2jE4v7ZRrPx5gEBMkTyp8iYhZzmXjqTQFbY5zfUdh2 539 2
vendor/github.com/multiformats/go-multibase/multibase.go QmQNUKUNwQ1EZXynDdurJPMiv5zC1UBcQyHAA2Ao9eM3j8 5814 2
vendor/github.com/multiformats/go-multibase/package.json QmfGYRrhA191my2UaZPguHKuhKTgXwVCGNMT4GtXFZohQ8 192 2
vendor/github.com/multiformats/go-multihash/.gitignore QmV5hide3SNAFtoc1we2hCs3UEwofpQYkCD2zTTNtY4AbK 9 2
vendor/github.com/multiformats/go-multihash/.gitmodules QmdHxFCYnWN9qybiRKyLaiTELqVzLvDwSzYhN52H5zsePC 213 2
vendor/github.com/multiformats/go-multihash/.travis.yml QmQBjc3daJyTxLoN8sipdiYPuwYCjfkJR4x2q2mCB3iAA2 394 2
vendor/github.com/multiformats/go-multihash/LICENSE QmcgpsyWgH8Y8ajJz1Cu72KnS5uo2Aa2LpzU7kinSupNKC 1083 2
vendor/github.com/multiformats/go-multihash/Makefile Qmdk8WhfZhdZonT34DR27UKHUrnKw3EkBwq2wbgKimDY4d 168 2
vendor/github.com/multiformats/go-multihash/README.md QmSqLTwdnhFLKYQ4TyhVTYgNHzb94zddcqmx2SRdsxwuNd 3334 2
vendor/github.com/multiformats/go-multihash/codecov.yml QmXYMmf2Kun4GWVNQzbe4a4tuHuoBvJLbrT9vXaxG2ciSN 43 2
vendor/github.com/multiformats/go-multihash/go.mod QmP4K2VbWh2W3jYRHj9sZVWk3fy5F2VqywMm4PNma9L78q 368 2
vendor/github.com/multiformats/go-multihash/go.sum QmV7iWUm3p4iw4tWdoZ3JLBuLZBZBBguGMKpUUns7V16BN 2191 2
vendor/github.com/multiformats/go-multihash/io.go QmZh864pugwGFpkR44FtvbPtmMnXfYrxfjPFEsaJYoNaCW 1906 2
vendor/github.com/multiformats/go-multihash/multihash.go QmXpTCxFWwJRTkZxkA76DUNCqmNYsK8GWAULuWzZcNsZC6 8788 2
vendor/github.com/multiformats/go-multihash/set.go Qmdr3eeMMywZdqe5yLfVzND82SaoB4CLsPgHwbpt544q3Z 1465 2
vendor/github.com/multiformats/go-multihash/sum.go QmSszdPHEeRuUWFwUG8JnZnHDmZ9HuZqnEEJ8AJAX1LCG1 5991 2
vendor/github.com/multiformats/go-varint/.travis.yml QmWrmLVkCqEi3bCN7YGtewqk6so9KtSwnLLAsZHLQMBbNA 414 2
vendor/github.com/multiformats/go-varint/LICENSE QmPmtDvCNECe5w2zoc8y35obZ4WEWarih8or9cuCjgf4x7 1080 2
vendor/github.com/multiformats/go-varint/README.md QmXtGtLVgzCGyaxyRAiiijJz1C8yuxVG1QeAg8jsRmcUTs 1858 2
vendor/github.com/multiformats/go-varint/codecov.yml QmZLKQs4zWm2SkCZ7qu3jSGfFQJQ99UoR8oWHxfZXjdnKM 24 2
vendor/github.com/multiformats/go-varint/go.mod QmbGZhiQ1W9uVDf6k1Th58EbhSE7smsDsDzxFEUWJeYq1C 50 2
vendor/github.com/multiformats/go-varint/varint.go QmXXHsf1B3YddqHmDH9qfDXSkq8sfWMSFK5rx3b3S29opX 3281 2
vendor/github.com/russross/blackfriday/v2/.gitignore QmRdqQhRH5ptBe2ZHqD2R41tfCb6sw5ofWtNbYuzXWLgSM 46 2
vendor/github.com/russross/blackfriday/v2/.travis.yml QmeKPtzmLBHffrkAYNBsooQWf6gfpBX4jqPKyuzy79WZLT 393 2
vendor/github.com/russross/blackfriday/v2/LICENSE.txt QmUAjoQPXd9KEFq3YniXsvPFYy4SJpiTmAHzNUCRzmWdjE 1416 2
vendor/github.com/russross/blackfriday/v2/README.md QmVyxmSv3viXUhx16sBKEKx2gPLCp9fj7Z7faPtV3LMUWf 10237 2
vendor/github.com/russross/blackfriday/v2/block.go Qmch7X4nsPEV5tm6coBk4CZNSqkuPB5drVBe1t7j3VRSvp 33948 2
vendor/github.com/russross/blackfriday/v2/doc.go QmPWbs3tgf5Cea8Yrt4acZdLKGJsTL3619W6bR6dDowMXX 895 2
vendor/github.com/russross/blackfriday/v2/esc.go QmToYLowB8YNZX3GKtgiATu7bnqmioJyvesMY1YtsPckci 569 2
vendor/github.com/russross/blackfriday/v2/go.mod QmZXnDgDppin2jEKDdXZETUnnDoFihvpxqTigrV7VTX5Cx 42 2
vendor/github.com/russross/blackfriday/v2/html.go QmTNSLbijFJ4krf297ibQ7R5qczQVmRqoSwYaYgTYvNH1f 24485 2
vendor/github.com/russross/blackfriday/v2/inline.go QmRrrBmiDuCrHJe5CsMi4XwPU3mjCDkccGVWqCr2YEDRuA 25814 2
vendor/github.com/russross/blackfriday/v2/markdown.go QmUVPdpEZWdWd4hTgtgnfc7BRxTvxJjJJkGFV8NmC27z2m 26332 2
vendor/github.com/russross/blackfriday/v2/node.go QmWDZ6QAAxXWGFNECsJWjfJ1T1gKLYuaYi1U2p8sYV1WWz 8672 2
vendor/github.com/russross/blackfriday/v2/smartypants.go QmTW6jjPKA4Hn5Zt49A9t5Eya5ShQQydNEtNWSW2FQSJnG 11548 2
vendor/github.com/shurcooL/sanitized_anchor_name/.travis.yml QmavRAW6iJw5EfE1BTMMTgabpBzborE5YdcuAQT7LkGGtx 387 2
vendor/github.com/shurcooL/sanitized_anchor_name/LICENSE QmUrKrmHiQcTfEukVDFLPuQg7b3uEN4p8iP5MH3T55kLxp 1073 2
vendor/github.com/shurcooL/sanitized_anchor_name/README.md QmPdhSzttArQ8F4BEts4NuwkqkLDRFabqXganJJ9uQwPzG 930 2
vendor/github.com/shurcooL/sanitized_anchor_name/go.mod QmWXs3n8dJRfE6pXgMhdpY69WfNitt7U8jGoCiunBf3aRB 49 2
vendor/github.com/shurcooL/sanitized_anchor_name/main.go QmRxk3q2naXsDssgsBLrwS8SZmBwx3C9rGtMCfDVcB77ck 899 2
vendor/github.com/spacemonkeygo/spacelog/.travis.yml QmbZk4NexZkigVR1m7j2m5NWbDd4F6suQp6KTngtYixgQW 42 2
vendor/github.com/spacemonkeygo/spacelog/LICENSE QmQxwvLUSbhHQAC6aqE32ebo4hxWwxijcEta41e4WTCyFE 10273 2
vendor/github.com/spacemonkeygo/spacelog/README.md QmasLY15kQRdRXhAodhKQ32LbXy8smV1bUW371EoGUqxFu 790 2
vendor/github.com/spacemonkeygo/spacelog/capture.go Qmbv86beJtPCcD1LRMmDsatFtkspzHZWPWE8LumN7aZmsp 1824 2
vendor/github.com/spacemonkeygo/spacelog/capture_ae.go QmdtGYbEMNGxzLGXKGXwfy8BXVSvoD4XA94gMJbTXBBRiV 765 2
vendor/github.com/spacemonkeygo/spacelog/capture_linux.go QmVbKRWwuiKvg9RJkpg6hx11xuYpbtqrpucdwpF37jSpNX 1011 2
vendor/github.com/spacemonkeygo/spacelog/capture_other.go QmbGEo4MPXRUDDe7CYQv6sqp2871PA3J5uuKnpGYi6VJ9V 1060 2
vendor/github.com/spacemonkeygo/spacelog/capture_solaris.go QmPD1vEKP46eufGbwP5icWdp9L3rZZh4wpmVK1Y4JHcmkE 985 2
vendor/github.com/spacemonkeygo/spacelog/capture_windows.go QmczXSac93BHBcMmp2A6MtVjaPvzBmh4xjeoaw9zKAnwMA 741 2
vendor/github.com/spacemonkeygo/spacelog/collection.go QmToSUCWVKKvJH4mi4z7AuvjPSAGR7FwXAW2upgFsJVSPR 8635 2
vendor/github.com/spacemonkeygo/spacelog/convenience.go QmV33UswSmcNZiQX8x6yu761wc4TBJWEYBKXS5Y38oCXZ9 8943 2
vendor/github.com/spacemonkeygo/spacelog/doc.go QmRzTkjYCLQ5HE7NutPaYh2gh7ZaAPTfuZSpbhZRVyXcZu 1644 2
vendor/github.com/spacemonkeygo/spacelog/event.go QmSkbxrSZvetiBxMQKC6zXroGevLc1fXUmzebLZazE5yK7 2324 2
vendor/github.com/spacemonkeygo/spacelog/handler.go QmXpBiFpVjZaxzNCtis1K3XkCiwahgA8cdUNphGpzsbgG9 1818 2
vendor/github.com/spacemonkeygo/spacelog/level.go QmXdzHPrs5mZxWAn4Gn94aeMemiis4zBfLRNG36txLL6pM 2815 2
vendor/github.com/spacemonkeygo/spacelog/logger.go QmUGdfTU9EKFgh7qbFG97ibsdxrddEMuBYMchYcwBJh89c 1819 2
vendor/github.com/spacemonkeygo/spacelog/output.go QmVW9JRUb7UK2qnu9MAwwkT6YDBPvhtqfabzRLpQZeygyb 5142 2
vendor/github.com/spacemonkeygo/spacelog/output_other.go QmVMmESdF6E6Sey1M2sJ6TFeWTBP2cK6HjY2mkTM3UfxqH 671 2
vendor/github.com/spacemonkeygo/spacelog/output_windows.go QmUspqeNzaQJa5V8xWVSCbqxx5FfaMj2YnpUYDjodekSv5 653 2
vendor/github.com/spacemonkeygo/spacelog/setup.go QmWD9mJPPiu7S6GrWxNvJeu9jD3dSHPEFFJ4ooMVkMQLfq 5773 2
vendor/github.com/spacemonkeygo/spacelog/sighup_appengine.go QmP1TGcxvszk1TJNUu669MWi4u9mvH7k1QsA9WyF6XH98q 891 2
vendor/github.com/spacemonkeygo/spacelog/sighup_other.go QmUo6JsQmfAaNzu6rBoTDcxSY3quHnqGUnhg625rczhFVJ 691 2
vendor/github.com/spacemonkeygo/spacelog/syslog.go QmdpFrd4WikqJyq3oUtURwPpDqCLZsUj8LXB4kffRtaLfV 1669 2
vendor/github.com/spacemonkeygo/spacelog/syslog_windows.go Qma9wk3uWcV7gsxPccxRW7kwMKuaDXEAQB3GoTUfFNwNEy 809 2
vendor/github.com/spacemonkeygo/spacelog/templates.go Qmdi548YH96uwtCtfUJATwerjwMCrTFXMyD83nucvHizY3 2438 2
vendor/github.com/spacemonkeygo/spacelog/templates_others.go QmdPRdJdsEHXBqG2dECuXbc9syG3V7Qg3CwqdbuhjSMZrx 752 2
vendor/github.com/spacemonkeygo/spacelog/templates_windows.go QmaW1CvQkExf2F1effjLL1o5jv5mXe8pppUWpWv5U7KZcT 735 2
vendor/github.com/spacemonkeygo/spacelog/text.go QmXdZRVRBmAFk7fW2MjB44VtphqMFAUePqJwomKVvUFCCy 2393 2
vendor/github.com/spaolacci/murmur3/.gitignore QmeCMrJuu2qnxE6Th5Tmvb5GPPEbt2rowyb8bV6yfVXU2b 252 2
vendor/github.com/spaolacci/murmur3/.travis.yml QmNihtRGJwyDzYQS1XzKxey1yn6hWuvBey8Sr56sicULv6 58 2
vendor/github.com/spaolacci/murmur3/LICENSE QmWrvrkm1TCMvWPCUerfp2evH65nDs8Go45xSJ2P6K2BsR 1496 2
vendor/github.com/spaolacci/murmur3/README.md QmcQNnwy95eXN5NK3eQ5jCVoya1DeQHM7sUx1hQuTJLQpN 5321 2
vendor/github.com/spaolacci/murmur3/murmur.go QmUHWiibAFwrqidkntKvvpJTBhERKuekV82RrjWrsr6EvL 1543 2
vendor/github.com/spaolacci/murmur3/murmur128.go QmQ3jjExxsAzoPUzoaxZU4CngAg3MSAQfJKn3LYfmxpiBA 4214 2
vendor/github.com/spaolacci/murmur3/murmur32.go QmUSEyAYuBNAx56yAiurVvAswZkMkTKprVQvUai77nTvJy 3363 2
vendor/github.com/spaolacci/murmur3/murmur64.go QmNkDtxwzpNxwaD76VDx5nDz5AfdNeADoHGTfGS3BuCgRo 1528 2
vendor/github.com/urfave/cli/v2/.flake8 QmXnHeoA5xCDUQQc1FvNG9GkVzPM1zYKvWHJuhXenqGWxp 31 2
vendor/github.com/urfave/cli/v2/.gitignore QmT68WGUAZFE4DSxjMi1rJ4WheUvhWZ51xhBaoLa7dRQ5b 87 2
vendor/github.com/urfave/cli/v2/CODE_OF_CONDUCT.md Qmbj1BsGRhazygqzfeC5kWt3cTXR5FKtoE3AqqNcL9a2fi 3221 2
vendor/github.com/urfave/cli/v2/LICENSE QmPcCpPqjAFRBee2kUaBH61avmZK23bRS365pJCEG2Mm5P 1084 2
vendor/github.com/urfave/cli/v2/README.md QmRijkj6PpEeysDqLmmFXbN7BeNG2anivGZk2EywuLntXi 2060 2
vendor/github.com/urfave/cli/v2/app.go QmV2Ub3H1jvqMqTwcGt4VGV2YT93pd9XojwzWDm8gCpcE7 13426 2
vendor/github.com/urfave/cli/v2/args.go QmWvK17yqtSXyHx8uxp8z4AMT7ajpWVVjHj9AmHi2QYx5T 1027 2
vendor/github.com/urfave/cli/v2/category.go QmezUneDkWWxVwXQvHYbKPYzNBQ1Z9xipQQprPhZyN1xXx 1891 2
vendor/github.com/urfave/cli/v2/cli.go QmfYKiHkPv4ysUAAao8tcXq2pKtB2XcDaeQ4nCsbauQeYo 687 2
vendor/github.com/urfave/cli/v2/command.go QmSBr7FzeNjKqTuW1xCKgPkkjJ1xsCnutJcPwPoSd5R5yR 7225 2
vendor/github.com/urfave/cli/v2/context.go QmcUwnpXhpYBvY8vUGFN8oKvgYM66cV3aRNz15CxFqucR6 5757 2
vendor/github.com/urfave/cli/v2/docs.go QmTsYomy62NU9ZE5DNoUMAjjJ61a3GVcaHyg6UUTBvmd4N 3196 2
vendor/github.com/urfave/cli/v2/errors.go QmWFmgaKFJKKiwQRVPZ5CK8wdpSCp3LWRBLzUEmBUKbVzu 3034 2
vendor/github.com/urfave/cli/v2/fish.go QmNe8BnmiE1n99YRsCi5AiGkLtJchKL2pFgMK1nR22s37J 4113 2
vendor/github.com/urfave/cli/v2/flag.go QmbvRrqVeAyRaJM4n7w6QMrA1c7PhQwMgvXKy7RKZHbHuF 9639 2
vendor/github.com/urfave/cli/v2/flag_bool.go QmaZVFYJNED5H5QNZ2waMDXsPcR9vF3LHf2uZCjjUrexRJ 2277 2
vendor/github.com/urfave/cli/v2/flag_duration.go QmWsEHHmveERZFE5qPx5sxjaBDhanymkDNRgcBaP6xVcsz 2446 2
vendor/github.com/urfave/cli/v2/flag_float64.go QmaR4DpTQw4hjUir8rnqoBeF4aGqxQ5vHj8ukzZSbjhVMx 2365 2
vendor/github.com/urfave/cli/v2/flag_float64_slice.go QmVoCDCmYsocF6rfUYY2suqhYcKEFeQAFvwnL66592NNhW 3879 2
vendor/github.com/urfave/cli/v2/flag_generic.go QmVpvX8KJHfwk2hzTULWB9xQF3uT8EHZZC8Locq5PeYAJd 2411 2
vendor/github.com/urfave/cli/v2/flag_int.go QmchwRXq2YZjiLdBAsSio33LghT5K2cyVihA1u4m9rZ19q 2281 2
vendor/github.com/urfave/cli/v2/flag_int64.go QmaPkvGeL1PJ2jVgAdo6HoA3Lb7PwqMzopnkxK9LqPQCii 2314 2
vendor/github.com/urfave/cli/v2/flag_int64_slice.go QmbeShd7LPBss5QgdzGcm4NPmAXbEZPpGvzN8cLS2cjVht 3703 2
vendor/github.com/urfave/cli/v2/flag_int_slice.go QmU7KcpPoKER2aGV4nZT36kXM3vmAdN3wd3vUftN19S52Z 3958 2
vendor/github.com/urfave/cli/v2/flag_path.go QmQ64NdVav8x2eCdQdi43FAasRC22Nhvbf2wEor3R8iQAL 2046 2
vendor/github.com/urfave/cli/v2/flag_string.go QmRTotS5uNf1PQo4dHkn1rbApCDV6FiKax2QytDBeWNVfQ 2114 2
vendor/github.com/urfave/cli/v2/flag_string_slice.go QmU91y5Kus7zTNaqorDVdKtNL9v3v6uSi17JBgz2ybe27C 4084 2
vendor/github.com/urfave/cli/v2/flag_timestamp.go QmYUJSeNBpteJwbtLugc5Q5EAS8vDTSBd64djU7mXeunRk 3488 2
vendor/github.com/urfave/cli/v2/flag_uint.go QmYvk87XA44QMRqRaqtZMeKyzjkVNhfuVVskSbotQoXz4e 2307 2
vendor/github.com/urfave/cli/v2/flag_uint64.go QmfDf69Y7TGDcdZn2G9qVKi7Chh7Az8MA469PpUwx7wxUC 2341 2
vendor/github.com/urfave/cli/v2/funcs.go Qme34UgvfJ6vAxGwX5LLvTgBwf3yinTxg7tfdJXZrcRiNE 1995 2
vendor/github.com/urfave/cli/v2/go.mod QmTMt3GNzPXwkqVP1d5iBkBiSCoZr9oTgsz2pA4BgAG675 183 2
vendor/github.com/urfave/cli/v2/go.sum QmY7EHtK3ty3eGMAMCrBEAMYncnhpy5iqSsq8tRdDWACEx 1335 2
vendor/github.com/urfave/cli/v2/help.go QmXVM1wmeZD6VqtjKWVbbha4b7YQ7kvPhPYUKYzu3CiG6B 9095 2
vendor/github.com/urfave/cli/v2/parse.go QmfB6xbyViNTVfsMyAjrAExbPFGJoL4B2hGYvDa5XTrSSr 2462 2
vendor/github.com/urfave/cli/v2/sort.go QmNLhQ5GuKXBcMYySDx5ajVLaChJX7vZmYZ43bShcY7eEB 520 2
vendor/github.com/urfave/cli/v2/template.go QmU7Dsnky6GPhBsCNtjvNzaKLsBpgFce5T3QqCkGXWGJS9 3723 2
vendor/github.com/whyrusleeping/tar-utils/LICENSE QmeHSutdXs4jKrt7wKeEnzWAc3mGfHGQsrFoA5hkcrbaHa 1081 2
vendor/github.com/whyrusleeping/tar-utils/extractor.go QmXJhdPNNFRaLheM9TJeHNKtSW5Jaw1xF86TeQaihWT3hr 5636 2
vendor/github.com/whyrusleeping/tar-utils/package.json QmYb9qzWaZuHqvbUgLBnHHeYSviBGkPdJLY1FUa5R5Jcjq 346 2
vendor/github.com/whyrusleeping/tar-utils/sanitize.go QmWHZKcAsiEoQxW8E1YQJvLafB5cBSBLBnuCMH5yzTPdkg 242 2
vendor/github.com/whyrusleeping/tar-utils/sanitize_windows.go QmdkovvqCdzNH9C5FTaqoUGN49wENiwfPFU4vNndarTTK1 2676 2
vendor/go.opencensus.io/AUTHORS QmSycnagcmpRAN4twbpuU1JRXFqUjQSPydWH2irGne1GxL 12 2
vendor/go.opencensus.io/LICENSE QmPdfpDZK9TQxNxsL8YQfPU4DS78KupbryhzgoCM3MUh6r 11357 2
vendor/go.opencensus.io/internal/tagencoding/tagencoding.go QmaohZ9zgyCL94afJvbbU5rehn9y4ciLAUfz8aGQDWaU6S 2057 2
vendor/go.opencensus.io/metric/metricdata/doc.go QmUcjFFkMmyejNgxUdhng7JC8Af9s4x6uqvHtTtGjuFQ9x 809 2
vendor/go.opencensus.io/metric/metricdata/exemplar.go QmWjNGnAf1zTWq2KWRxrFetDa2AkgCCJnuU9rNzZGBKhqj 1260 2
vendor/go.opencensus.io/metric/metricdata/label.go QmeHy1GfCpbxy2QNd86adUNTy2EAC14ZMmBFibqeHEb68Q 1265 2
vendor/go.opencensus.io/metric/metricdata/metric.go QmTuXSafPapYhKuk9MLNz8Kub73ievCV8hWjYBYpQRRRtS 1636 2
vendor/go.opencensus.io/metric/metricdata/point.go QmVm8daAKdoUjSwu55VnMgp9joftefp8DViS4gkUTEFBRp 6101 2
vendor/go.opencensus.io/metric/metricdata/type_string.go QmV8bLesH9JCrvxQfBtSgT9dAouisB4TJC9ixY1U2j9QJR 501 2
vendor/go.opencensus.io/metric/metricdata/unit.go QmSGCZazpcPQfJev3wXtKMUwrW3TB6qcdikjWd39h4NxjG 1015 2
vendor/go.opencensus.io/metric/metricproducer/manager.go QmeSurh8i3mQe32kh6kUKfFM111tJg2v6YRpkp4R7iDEdE 2274 2
vendor/go.opencensus.io/metric/metricproducer/producer.go QmdRJhEKJevpKMAMMy7GJsRMdyZcFkZHXmobkJqYcwJqhp 949 2
vendor/go.opencensus.io/resource/resource.go Qmebyvo86aEUXfZp149ZySDHuKM2WeHvnX6KKYnSKpsaQz 4771 2
vendor/go.opencensus.io/stats/doc.go Qmb1kWLQgMEyB2XtZoLYTX8bWHVFWT6qFq5Fs31odz4qSW 2832 2
vendor/go.opencensus.io/stats/internal/record.go QmZaotkzxZf16qEmdc3ysRsDxs6wxLgKXe1PrZ5VkxNiUs 926 2
vendor/go.opencensus.io/stats/measure.go Qmc4t8jvNUXGU2AbEeA1r165UsuaqwGj999cYX2DEwnv3H 3216 2
vendor/go.opencensus.io/stats/measure_float64.go QmW3s2s9RaW3ithNBzUo6vmjUjGMyHgGi3RoBydLW742mE 1568 2
vendor/go.opencensus.io/stats/measure_int64.go QmVQ4HcdwCks5Y75DJLfWKZSfSAPYziaew155YyDdtuiTg 1549 2
vendor/go.opencensus.io/stats/record.go QmbUctGoS3jU7V9ys7QdxDbsfHpbshTGiW3aa2gBykutiX 3910 2
vendor/go.opencensus.io/stats/units.go QmZCZP2fmbS7tShappM6mVrpXvtue32YcNEdh3rYFmHfAB 940 2
vendor/go.opencensus.io/stats/view/aggregation.go QmYEUupt6NvPrf3XoZmo6w5pB1wiU3Wsqmfx5SU7Po4aJQ 3780 2
vendor/go.opencensus.io/stats/view/aggregation_data.go QmSsa395R5tsA29wi2ZgzGgrLASiXNWUpy19ccoUCK72gT 8094 2
vendor/go.opencensus.io/stats/view/collector.go QmSPiDZWPRa6WWmZd9gCohpWrd4XJMCipCnfVqRUvXjtgW 2441 2
vendor/go.opencensus.io/stats/view/doc.go QmcvCueETiP57F56QeouXzrLwpYYKicYtb2H2kuBksL4Uw 1939 2
vendor/go.opencensus.io/stats/view/export.go QmeFoqVpy4aHGjseALjRiMw6jxMSSaiHVBurZBvxiyTsyc 1550 2
vendor/go.opencensus.io/stats/view/view.go QmTdFXkW55bLHLz7YxBqVBkGSjspzRLWJsuGY3om2D2z22 6196 2
vendor/go.opencensus.io/stats/view/view_to_metric.go Qme2LMAHMTpyVhnETPHHdegLE764nsu75QaQD3eUgYwpnC 3895 2
vendor/go.opencensus.io/stats/view/worker.go QmWJTpCfU9pyknt9gd7NkUgfrT1L6WKkrZVnpmy8g3n7VQ 12006 2
vendor/go.opencensus.io/stats/view/worker_commands.go Qmb5f9yaxEJHouHYCTdsXue5r2h7LMPgRXqcFe6QBR3P8h 4199 2
vendor/go.opencensus.io/tag/context.go QmPDQVVDJ2i35Eyv5Ns9vwdpZGkHTQB5q9PnmY3e2B4583 1380 2
vendor/go.opencensus.io/tag/doc.go QmdK79Av74dhtRBhJgs11qtWV5QEESA3anFcY9JgFFva3X 960 2
vendor/go.opencensus.io/tag/key.go QmcBFQNQZ3MQxSoi1ro1yPFbHc8DAy8Y6EYbcYJRitSrA2 1229 2
vendor/go.opencensus.io/tag/map.go QmPyRQ4vGCKrv1o5k92qbANkAxp6zVYzjqU9CNc2TQHfVQ 5690 2
vendor/go.opencensus.io/tag/map_codec.go QmdjLx1V47EPUcTxFvGktjoUKhQTuE6j7573gMUPcCQGPx 5775 2
vendor/go.opencensus.io/tag/metadata.go QmXNGToTrtEKitucVT59ajpPceZ7L3bbMCsfS4MnapawB4 1648 2
vendor/go.opencensus.io/tag/profile_19.go QmWXAqSJsHZVceWsuLbn8dqaA4b5TTTKnYVhAn3XKt84cj 913 2
vendor/go.opencensus.io/tag/profile_not19.go QmVshvCsstg3nmsjqETSeWcY7U2bSfHfk1NTWVBJ9eY2GS 716 2
vendor/go.opencensus.io/tag/validate.go Qmd6z6kfse1T56mgCPTkJApxbbugRj6E2jNbkJZKAuZSyV 1427 2
vendor/golang.org/x/crypto/AUTHORS QmQ44MJgbB94ZjW3pbV4mfYeSA7ZPjRrD1Gu1EZHZSL94F 174 2
vendor/golang.org/x/crypto/CONTRIBUTORS QmV2i3k5gk1SGHUqNF48gLWhUwr7o7CBT6PS4TCXbxKHXc 171 2
vendor/golang.org/x/crypto/LICENSE QmWQPCipVXe6idxUjxqqP8vLcbqzqfd6rw7Cq5GgQ89tu8 1479 2
vendor/golang.org/x/crypto/PATENTS QmNeMr7urt1Qa8eDFo1T2pSCarMF9mkhW2UobN6xGboszL 1303 2
vendor/golang.org/x/crypto/blake2s/blake2s.go QmNaA9hqSdrwAqeCPKEfFkGkSpfVsuCa8UE3T86QdP2muq 5808 2
vendor/golang.org/x/crypto/blake2s/blake2s_386.go QmTEunQsYbAjGhYYwxSj8NNvaVCN5QedNRnRMK7Z5Krse5 753 2
vendor/golang.org/x/crypto/blake2s/blake2s_386.s Qmc9BMY6JhcS7sERfK8wmJYbqno9zF77X2cwnLq6jC6GQc 11773 2
vendor/golang.org/x/crypto/blake2s/blake2s_amd64.go QmUvGfz4H9LfWWbn2yqcMPdHGGus5FUQe7q9j8smTSDshD 909 2
vendor/golang.org/x/crypto/blake2s/blake2s_amd64.s QmVgb5wJxF9pYS4aS39s1yH5or4zf64JuvxcCRMoefEHWp 16049 2
vendor/golang.org/x/crypto/blake2s/blake2s_generic.go QmZXhXBrQG1E2gKSq43EUxXcWZVXuHZB5WEFWSpxLYKed2 3992 2
vendor/golang.org/x/crypto/blake2s/blake2s_ref.go QmZccNXJidzeWZtnoiNHbFgJFDEM2i6AU4SG3vybhHYMWz 394 2
vendor/golang.org/x/crypto/blake2s/blake2x.go QmS3x6AdLDkDtnY2ViQqz7Ybuf8mG4F1jn5Gomb86VGbp8 4120 2
vendor/golang.org/x/crypto/blake2s/register.go QmcCzjz6Z888aipc7bP3RAGaeUBQa1Pnc72TfRfEdSgzay 364 2
vendor/golang.org/x/crypto/sha3/doc.go QmWnuQW4Dfbyh2D7naDqA3LeMwgYfxs8Mn9vG8isncccoQ 3183 2
vendor/golang.org/x/crypto/sha3/hashes.go QmcMqGskhS4o6RGFAp1fcAMSArnhktaFbZnN8tGNyg3JgH 2728 2
vendor/golang.org/x/crypto/sha3/hashes_generic.go QmZHSLHs7s9332rWMHXqemvcSPaQYuZH1N931tQXS1sNzs 810 2
vendor/golang.org/x/crypto/sha3/keccakf.go QmXeqAzPwRRXeBjcQm3TtLsG1Lx6kAGPLk1XhcgP2eMiwn 9955 2
vendor/golang.org/x/crypto/sha3/keccakf_amd64.go QmfD2kR42zw3fV8naNQRuna3fkcuFEBnPd8C6JmzJFSww4 309 2
vendor/golang.org/x/crypto/sha3/keccakf_amd64.s QmeZRxWQQLiarSbEwx35mUgaLFbCEHofPhZv22YTNzqb45 14510 2
vendor/golang.org/x/crypto/sha3/register.go QmQw34tFjb12MuUTMwkS58VLYTzJ411JYP9w8kP58TGdHa 413 2
vendor/golang.org/x/crypto/sha3/sha3.go QmTdgGGsxC3vkCWdcaP6rRyJWxoYRWsxzCUWBu3dtwRG9T 5739 2
vendor/golang.org/x/crypto/sha3/sha3_s390x.go QmTLezLu1jC2gcNcpUcLqBbYbwGGPJo7hSgoPaX9kNJrC5 6967 2
vendor/golang.org/x/crypto/sha3/sha3_s390x.s Qma6yDYTgEMY7v5DsmmswpihTK8AbbxUGcm5GpbsEtAfhB 959 2
vendor/golang.org/x/crypto/sha3/shake.go QmSxsFka14VEDQ2gkEJnyxxsMQmGG74FbHrvP8VdYwi1og 5421 2
vendor/golang.org/x/crypto/sha3/shake_generic.go QmQFGpGH6bjCpRGBi7RZP7CiY34x9po6tc1SvZ1HCW6jRV 522 2
vendor/golang.org/x/crypto/sha3/xor.go QmRPTNkTT5acjB6z2pkWF1eDo5KJHJm5gzVVQLMmV1A4Zn 406 2
vendor/golang.org/x/crypto/sha3/xor_generic.go QmQAZtng25hx72u8wTSRSmFeSnAune6ynNgi9j1HwoYPCa 680 2
vendor/golang.org/x/crypto/sha3/xor_unaligned.go QmcxYdmJgtbQwwW8shddWnnZsiVV3S3w9tJ8h1miJM4Zfx 1074 2
vendor/golang.org/x/sys/AUTHORS QmU9BvoaJTPgQR9u85Gmq7ht7egmXKsrgkTRZVxsXhU25H 173 2
vendor/golang.org/x/sys/CONTRIBUTORS QmbczLwJz2aqExBo6dfozFfVygrw9NZHKg1ikfgv2GfPN2 170 2
vendor/golang.org/x/sys/LICENSE QmWQPCipVXe6idxUjxqqP8vLcbqzqfd6rw7Cq5GgQ89tu8 1479 2
vendor/golang.org/x/sys/PATENTS QmNeMr7urt1Qa8eDFo1T2pSCarMF9mkhW2UobN6xGboszL 1303 2
vendor/golang.org/x/sys/cpu/asm_aix_ppc64.s QmWWsocoGedDby6J3nDMoFQzCdoTnfFdRT9RmCW1Q8Msxk 410 2
vendor/golang.org/x/sys/cpu/byteorder.go QmZU9B5fPjqZPYuqqVnZZY8GzByV4enoxCbieR8MWcCmhF 734 2
vendor/golang.org/x/sys/cpu/cpu.go QmTaz7jxjMSumyWa5riL4nqbd4rEhhx2jwgGkbqfUjTMkS 5947 2
vendor/golang.org/x/sys/cpu/cpu_aix_ppc64.go Qmca1TAfPW33AAkxSfs4WW5bUrrfbpbeXp1vte4ADRGwKn 609 2
vendor/golang.org/x/sys/cpu/cpu_arm.go QmSE8cAcXUC5STmw6k449u2Fmt5t7hcA783mtiFGWX1rk8 216 2
vendor/golang.org/x/sys/cpu/cpu_gc_s390x.go QmSj4PbfxZAwMrr21xdJQKtPowb9qc6g9ncALC9d6zBkyr 677 2
vendor/golang.org/x/sys/cpu/cpu_gc_x86.go QmPeTqdUdJziLYsL26Gq16PXYpeWvNV37TnjjzuwnZKv7H 501 2
vendor/golang.org/x/sys/cpu/cpu_gccgo.c QmXTkn5QVk5oYtpSqgSb3Hps4SpDo8bxZjWg8GijmiGKMp 1203 2
vendor/golang.org/x/sys/cpu/cpu_gccgo.go QmUXGK9RuCpbcA8cgBErju9joZfwHqPZ1WtFvmZh4zFAkd 628 2
vendor/golang.org/x/sys/cpu/cpu_gccgo_s390x.go QmdgyjJNPR3aXnBnGXzLupAETpPgn5g6JkhnhpoxqdMJsx 1028 2
vendor/golang.org/x/sys/cpu/cpu_linux.go QmQntfwA8BvoioYg5kQd8Qz44ngaGLsAVW6wtPBnrDuR2M 1174 2
vendor/golang.org/x/sys/cpu/cpu_linux_arm64.go QmQRY1AmsGEXWoJd2epJKDeqX3yoQLc9EGxWCJmUtZmZPj 2035 2
vendor/golang.org/x/sys/cpu/cpu_linux_ppc64x.go QmZKJhfKdJsgNBv9dWxh15DExEvbFxbbU7mMsani7R2nUe 803 2
vendor/golang.org/x/sys/cpu/cpu_linux_s390x.go QmVDmt8tFNPwEhYyQF6u8dmt3ZQTstNxCaBxYMLpbimta4 4019 2
vendor/golang.org/x/sys/cpu/cpu_mips64x.go QmYg3C3EoRGBPqHSZkXV6qZrVy5VWB9h2QyX3rjaLZnhyP 243 2
vendor/golang.org/x/sys/cpu/cpu_mipsx.go QmaoR1RHkBVWNsGg6W2bifyq5sZv38cgLWTCMMgZfKJNkb 239 2
vendor/golang.org/x/sys/cpu/cpu_other_arm64.go QmcJExjaouUKi2K9kz8MvfeXvdf9bUF8kDPAP5oNgdhjdz 240 2
vendor/golang.org/x/sys/cpu/cpu_s390x.s QmZHK7k4wXo6gi9dJtKhDbirhCpPrMQEkgjZCHmVCUYNYA 2010 2
vendor/golang.org/x/sys/cpu/cpu_wasm.go QmeSb9Bw85fXDaT8rrvDn3R6FpxNCnAboh8kz3qoEU2DgG 413 2
vendor/golang.org/x/sys/cpu/cpu_x86.go QmTGQx6fuWTnaXpk2prfojf9eUUDetH3zVsqH52Q9jdxka 1327 2
vendor/golang.org/x/sys/cpu/cpu_x86.s QmW4KRGhzuo4dt1oiAXQHxMoedgXiK6zGvfMFoCAtJyA6X 602 2
vendor/golang.org/x/sys/cpu/syscall_aix_ppc64_gc.go QmSdAY56Vh8yk3MBkWJ33gJqcB7L5GHdCJJw9bhMTNfmSE 995 2
vendor/golang.org/x/sys/unix/.gitignore QmafdGWnYTXApDPL1oJwigJWHQjGBrTWKFf58QetmH2zm8 16 2
vendor/golang.org/x/sys/unix/README.md QmTWt1xoKkvF7kHgNLGb2f9H55KQkZ92mZfavpP6Pasbe3 8228 2
vendor/golang.org/x/sys/unix/affinity_linux.go QmWvyvFscqjYpinhVYocz2PLo3r7QbUjmukGD35pUzZtVR 3277 2
vendor/golang.org/x/sys/unix/aliases.go QmYBpzvbpK5eFb5PfKYAE1RukeSpiXBj6ebTUscVzg6FnA 372 2
vendor/golang.org/x/sys/unix/asm_aix_ppc64.s QmWWsocoGedDby6J3nDMoFQzCdoTnfFdRT9RmCW1Q8Msxk 410 2
vendor/golang.org/x/sys/unix/asm_darwin_386.s QmTL9xjZnbnvJgcACsoD1rhb3eaMmZjMmc6RVVvmH3CmSX 675 2
vendor/golang.org/x/sys/unix/asm_darwin_amd64.s QmUz7PDzjYyo43vvLxfKz8ik5gdnQnCHhdTBbGqKhkQT7L 678 2
vendor/golang.org/x/sys/unix/asm_darwin_arm.s QmUjJdd2JYXwKVofbkvgmXqEuEvKVvroKQ2Lbi74tg3ipz 686 2
vendor/golang.org/x/sys/unix/asm_darwin_arm64.s QmYY4SGjnpCkqVWh5rXQzTvGjBAcz3wwADjt54YVimgy91 691 2
vendor/golang.org/x/sys/unix/asm_dragonfly_amd64.s QmVUKb5UBnu55qaX3TANiRP7enCmbmQn8RyDQ8EMJrdYx7 681 2
vendor/golang.org/x/sys/unix/asm_freebsd_386.s QmX2fcuc9nkjxPcx8uERxADFZeZPicyrNcpXzZgLtk6PpB 676 2
vendor/golang.org/x/sys/unix/asm_freebsd_amd64.s QmbdRU9gy75LvtbvmsYQ6xnh5X3mNwXRtbtmc1wcGguAJH 679 2
vendor/golang.org/x/sys/unix/asm_freebsd_arm.s QmfSwZ3nHfcdg6den5ixrh2r72runn4MUY7MYiyEnALPEX 666 2
vendor/golang.org/x/sys/unix/asm_freebsd_arm64.s QmTdFJSPYmeHfWiGVgi2421XpfmeZzizVAcZmvzP4TH9pS 679 2
vendor/golang.org/x/sys/unix/asm_linux_386.s QmNQxPHyzzxbM2o9xftqNYQCYbyRzohKB7fiNzaToQejae 1473 2
vendor/golang.org/x/sys/unix/asm_linux_amd64.s QmX7LpLNFoFAUSRrjxLjWyJhCQ9XmZHMUECoyAZVrhArc9 1207 2
vendor/golang.org/x/sys/unix/asm_linux_arm.s QmYvmxqJDfsmXvppaWrBvLaZrnWdi3cxPBjiu8mLdzRxdi 1139 2
vendor/golang.org/x/sys/unix/asm_linux_arm64.s QmZLW9iuPXhRpCkr9NdU7E9HZUcv8kbosaDXvytxUgrjKq 1119 2
vendor/golang.org/x/sys/unix/asm_linux_mips64x.s QmU5QSjTtrZWc2YoCHtbprjbfwdvKEZFD1ouoEgdXC8E1C 1176 2
vendor/golang.org/x/sys/unix/asm_linux_mipsx.s QmWD6rJzbfUaShvFbTuB4atN8XvUp5XrVfV6ajDMW2HeKy 1177 2
vendor/golang.org/x/sys/unix/asm_linux_ppc64x.s Qmdv6Zqocx1PHeRrr25vDWvD7yfpUwnm3DnsSr2D4QbyA9 921 2
vendor/golang.org/x/sys/unix/asm_linux_riscv64.s Qmc2bECdvD95BMWevUcM2GeDpKKHYLpowNA7ynYkW1o39c 1131 2
vendor/golang.org/x/sys/unix/asm_linux_s390x.s QmbjwxxpqAtnbhLWS4hrmucNXy5k93jviqzbd6GDVjdroo 1159 2
vendor/golang.org/x/sys/unix/asm_netbsd_386.s QmSQRLNvYnMD36SwYoWFVx5FywQUH5HEnzT3LJqidnT9ry 675 2
vendor/golang.org/x/sys/unix/asm_netbsd_amd64.s QmQQvUKD4e71J7YQtSoCL8bMTJozxTZhKFryUg4xpHyYTV 678 2
vendor/golang.org/x/sys/unix/asm_netbsd_arm.s QmTzDBJZXxXPtdniyZx5FkDvM6FM9UfwQspJyQsP8dPuti 665 2
vendor/golang.org/x/sys/unix/asm_netbsd_arm64.s Qmc9g4AB8PDEKmwJRvJ4Qaqy5fpJ7yEg2E7nxAGUnSJGsf 668 2
vendor/golang.org/x/sys/unix/asm_openbsd_386.s QmXsioEiezdAczQ4AehHs5ha8SYDxMNuQQS1MH7upzEJ33 676 2
vendor/golang.org/x/sys/unix/asm_openbsd_amd64.s QmZJaEcGLroG5VTndwtoaAVG6Y4KwU2uEqMeBq39m9MT7M 679 2
vendor/golang.org/x/sys/unix/asm_openbsd_arm.s QmRGBkzr3m2mbvNQYmn7UJzhurySHwSQmfnCFkqDE1hAbK 666 2
vendor/golang.org/x/sys/unix/asm_openbsd_arm64.s QmcibkLoSQaM591V5JFjffrW8R46zUMqMYA575CtqkGKZT 679 2
vendor/golang.org/x/sys/unix/asm_solaris_amd64.s Qme2gYUp7A8dmFSfSZiJyaeSzS7YkAPXc9zuictvPGkLcn 426 2
vendor/golang.org/x/sys/unix/bluetooth_linux.go Qmf6ktZXim8Y8cPNpxKkv9V5wE21utz4aweZVaHLGt2WK7 655 2
vendor/golang.org/x/sys/unix/cap_freebsd.go QmSE5PykLzzsovUe5gorATS9ez4oApyVs4xQK8tbd7t1vK 5130 2
vendor/golang.org/x/sys/unix/constants.go QmPw3CbcQHfappBBBWysPedP4xmZkkAoknThYxrxpY4oEm 289 2
vendor/golang.org/x/sys/unix/dev_aix_ppc.go QmQPXrgpBdtVZhXMTrDFPZafTyvsnHvK8aN9mGp8jJ2Gp7 745 2
vendor/golang.org/x/sys/unix/dev_aix_ppc64.go QmcYy1Vm5QRSa3saXh3LoxKDJANZFH3iL1LcYeL7MJngDP 864 2
vendor/golang.org/x/sys/unix/dev_darwin.go QmWYdyp4pdTtZouMkvsaBbS46pGsXpmf65CSoerqvJw1ey 747 2
vendor/golang.org/x/sys/unix/dev_dragonfly.go QmaddacjkXkjFcVuUZ9iGL7HQFLVmD9ZBTmuDjAftNCb3i 1030 2
vendor/golang.org/x/sys/unix/dev_freebsd.go QmdSuPjsrFm3tS7iQHLYnJzh4JEUKizbGrtb5u5bejk7HU 1013 2
vendor/golang.org/x/sys/unix/dev_linux.go QmWzUnUEj1KNHJM6bAjFAiSF4Ad1At5ZQsMiZopCMSuiRQ 1579 2
vendor/golang.org/x/sys/unix/dev_netbsd.go QmNo3jGLC7XfBkqmCwBq3v9yRtJwzgfQ4Ew8NxCrb4UWUZ 913 2
vendor/golang.org/x/sys/unix/dev_openbsd.go QmYy9uZAsUemwUx2D7913VLWqbE2J7S1gf6eR29PyjnYpe 918 2
vendor/golang.org/x/sys/unix/dirent.go QmYpU3sXMvtQnTrAQeT1dNKq5uUHyYYXWbj8qCKZwWvkdM 3061 2
vendor/golang.org/x/sys/unix/endian_big.go QmVaKkrnQzesQ4grt6dGHXvpnUXJ6UoHD6xWTqdp249ZxE 236 2
vendor/golang.org/x/sys/unix/endian_little.go QmPat8AEyjG2o3njVXxqw1NjFc6ypQBUSNtKGMDTPANiTW 266 2
vendor/golang.org/x/sys/unix/env_unix.go QmPzN51iuxSyx5wxFAEiKL32EHrKqQLocDc7bAYKM1KScZ 616 2
vendor/golang.org/x/sys/unix/errors_freebsd_386.go QmWzVXnYqkfcx1F75diRMtyARN1gSukE2Gtk7uaT2oryWN 9407 2
vendor/golang.org/x/sys/unix/errors_freebsd_amd64.go QmP4y6TRkmPLfe9WLLp4H6thrNat5JfG9JWKkeiv4CbCXe 9407 2
vendor/golang.org/x/sys/unix/errors_freebsd_arm.go QmXVxTqvnQSLzupezmSJR8rYU3KfUBXKV1yb64gpUQrYRg 9037 2
vendor/golang.org/x/sys/unix/fcntl.go QmeMaFVeq7xSiCC9nWVzKCo69eG4fJ7hFNnbVhnKEiqSfM 980 2
vendor/golang.org/x/sys/unix/fcntl_darwin.go QmYh71tpSFHdeFYzpXJL5j7ggkTr6YCnq5hGULuNSaJA1M 587 2
vendor/golang.org/x/sys/unix/fcntl_linux_32bit.go QmWsPeiwgHQMUSPLhEKraDo17wQZGjjT73fqGzYmeqtJSC 388 2
vendor/golang.org/x/sys/unix/gccgo.go QmYngvj3g1b4JATXz7UTrnCSiKQBv9wEt3y5aTW2NsCcwf 2008 2
vendor/golang.org/x/sys/unix/gccgo_c.c QmS66D793G2WG32NYXaGofPqpB87Bcbd2JkvMiY9oyvjdc 1068 2
vendor/golang.org/x/sys/unix/gccgo_linux_amd64.go Qmc9uEQZXS7ZH9nhWTmrUw87ymMzpJkkwbvqMJEYWba7e3 429 2
vendor/golang.org/x/sys/unix/ioctl.go QmUNVMkvYGskL72BfbU1s2djZwQFZxuRc7KLHon3JPK5ys 950 2
vendor/golang.org/x/sys/unix/mkall.sh QmSva7Q1Laycp48FFSszXpCqpB7t3MTL8ELXZnpDbHXJNx 7898 2
vendor/golang.org/x/sys/unix/mkerrors.sh QmTvodKYu4uByFgYDSxf8AettWsDGkWghC2RqD2HbWjcP3 16506 2
vendor/golang.org/x/sys/unix/pagesize_unix.go QmakUPNyu2v48ZHtn7Azk4ECkMXatpzroFDMnTmPrYDbRU 367 2
vendor/golang.org/x/sys/unix/pledge_openbsd.go QmWAJqFmhT1tciaArcPv8NcqC7FPrYwMriqgSU289e1Sem 3746 2
vendor/golang.org/x/sys/unix/race.go Qmbc8KJ12itAVZ7EVeTv1E55Ab1mtGhTb4VcMZvWKScTL1 607 2
vendor/golang.org/x/sys/unix/race0.go QmZziBaWekdanUSLY2EFUnifxtpwTrRxuUqDvi33AFVgM9 509 2
vendor/golang.org/x/sys/unix/readdirent_getdents.go Qmc8mmgnXkRHd1S39km6JSzzZxV5cGNC1SXBYsCXLgSWih 385 2
vendor/golang.org/x/sys/unix/readdirent_getdirentries.go QmU7JzdR2GD6676AMyNSfoMtzWuTjy7XHLZN5Yrza4iKZn 697 2
vendor/golang.org/x/sys/unix/sockcmsg_linux.go QmNeSX8ioqcDN3Wsng5WPGvLxyLcbAq9DiNeibeejJ238w 1071 2
vendor/golang.org/x/sys/unix/sockcmsg_unix.go QmcKNmZ9T5cmAsvaBSpwvDLYVGXWwdjWrRiiFQcgggBHLC 3281 2
vendor/golang.org/x/sys/unix/str.go QmcSNDdBuSCg8JPpznRvyd5EEKobE813vTPNUZ1FUaZqkk 615 2
vendor/golang.org/x/sys/unix/syscall.go QmZUWPjxtqF7EEcSMdKSAzj4KGEmXxfAAUYrRBNzVZZqmx 2018 2
vendor/golang.org/x/sys/unix/syscall_aix.go QmZwDM2xhwyQBchrybg8Zm2wNoNFdTV37XkQeSbFFZfKUu 16638 2
vendor/golang.org/x/sys/unix/syscall_aix_ppc.go QmSVWGYG8TDaADQHGXzcXh2NrGr38yUK3LPwWrG8jKqsWy 1302 2
vendor/golang.org/x/sys/unix/syscall_aix_ppc64.go QmXfZk2AN6t77xdEp1ig7gCKoGk2GZje5nWTUoUm7cdQbW 1934 2
vendor/golang.org/x/sys/unix/syscall_bsd.go QmcMcuAsLyCfNsw671gWnqEZcb4iVSGABPMkGu3GEWstFw 15714 2
vendor/golang.org/x/sys/unix/syscall_darwin.go QmSYADCfh4BAVo69gv5gccnbMqA8zMgtY2Kyvqe5XUXyCb 20181 2
vendor/golang.org/x/sys/unix/syscall_darwin_386.go QmNmyaNYAUxLzFuc3bdKLiRAa1GNuukgYmab1dSpoT9LQk 1993 2
vendor/golang.org/x/sys/unix/syscall_darwin_amd64.go QmQu8cm329dv1sNRZoEUkoJvSahXoU8E33buwavRiHWzem 1962 2
vendor/golang.org/x/sys/unix/syscall_darwin_arm.go QmTwu92hJz2PEhV4CqPhehf1JdeBJ2cS5mcLcrMcud3EVC 1888 2
vendor/golang.org/x/sys/unix/syscall_darwin_arm64.go QmQeq1hLGFRtZtjhU6aP5j3EVy1nrjZxKtUBnawQ1fPyKE 1879 2
vendor/golang.org/x/sys/unix/syscall_darwin_libSystem.go QmZzxRAVrLy6ze6ZZNRCvJ5Dhn2ENsN5CrULMQ33k7rK8z 1292 2
vendor/golang.org/x/sys/unix/syscall_dragonfly.go QmYsLTsYTd581Rj3jjLLMuiQG2y6kZUKtYsst1gcCFGctH 15005 2
vendor/golang.org/x/sys/unix/syscall_dragonfly_amd64.go QmcUG1zTouw9ApSiMLWcJSvvJJhqCqpCyKSqUp2Gp1bGZD 1192 2
vendor/golang.org/x/sys/unix/syscall_freebsd.go QmPRZgHbpfweNVa7QzrJXzt7qofnmnBnp32GvgAz7bihKK 26008 2
vendor/golang.org/x/sys/unix/syscall_freebsd_386.go QmdSLvEovjDJWHFnhVBVBjAjWZ7g5VD7rzZfooK2UoQtK4 1237 2
vendor/golang.org/x/sys/unix/syscall_freebsd_amd64.go QmdrQDTdGWHNvkiryRaUtSvegXQbdy8KrUMYPPALkbLsm9 1190 2
vendor/golang.org/x/sys/unix/syscall_freebsd_arm.go QmeArsHryXpPt7ymyYEJgMk2Fvzdha9fMy6rAJ4L43GDQM 1223 2
vendor/golang.org/x/sys/unix/syscall_freebsd_arm64.go QmNqQE7FsnpkV7mzQ5XRWFBXHmy5adC7Lcr3UMYpMVDBtL 1190 2
vendor/golang.org/x/sys/unix/syscall_linux.go QmWJw6Y7cK4o5YpZXtpP4L8mNbBwi82UaE6vJ6s5uW6grw 54998 2
vendor/golang.org/x/sys/unix/syscall_linux_386.go QmRqQGy63hyZrHwJk2CUrAj2KWYKbnx4dnWRsBzu1yozxB 10867 2
vendor/golang.org/x/sys/unix/syscall_linux_amd64.go QmY2uMrjuLBAz8EgJG7YQEsXyqR4sJzuyxybuWdPD5CQpA 6497 2
vendor/golang.org/x/sys/unix/syscall_linux_amd64_gc.go QmYpmrX3MAQ9azJ2FH3DcpBbwmCdGyFwHofSu1oQsdbt5t 297 2
vendor/golang.org/x/sys/unix/syscall_linux_arm.go QmXb9WAfsoHRCeT285gQpuivVeSWUsv2w9ihW9GcjLsrnT 8921 2
vendor/golang.org/x/sys/unix/syscall_linux_arm64.go QmZK1Ssk8BwycNWVoMtJmudcvjqXAq4XsuB8pddFhQtveu 6892 2
vendor/golang.org/x/sys/unix/syscall_linux_gc.go QmaQS9oCWgtMFQLP8xCdTxSS9NMZYcZfuSESoC9syj7nLq 495 2
vendor/golang.org/x/sys/unix/syscall_linux_gc_386.go Qma9LGPXA54LDWDWESWypR6fMpfuWzGU7ATXkRcZXkQXHU 582 2
vendor/golang.org/x/sys/unix/syscall_linux_gccgo_386.go QmZy1K9PFg1uCyUcaiYvTXPo8sDZEnjHycopNvD99uQDdo 979 2
vendor/golang.org/x/sys/unix/syscall_linux_gccgo_arm.go QmTTcmSHxgDDeM6R79gMRAu2er8wnFRVamR9kq4sVHFRPk 589 2
vendor/golang.org/x/sys/unix/syscall_linux_mips64x.go QmcWxZjrzyYD9dpMnTdJGRDkyHMpiMYQzgxQxH4jDuXGQi 6818 2
vendor/golang.org/x/sys/unix/syscall_linux_mipsx.go QmbxbtshZr3bKsZKVZ1WQRfNb5Xqujpt5WRDmczmuGT4Zu 7342 2
vendor/golang.org/x/sys/unix/syscall_linux_ppc64x.go QmdVCkivdWWhZTp51G1obQUhzcBSM6L8dJPnxttmX4zcCr 6028 2
vendor/golang.org/x/sys/unix/syscall_linux_riscv64.go QmabsdeKbNr8pHFHs6VXZDeUVVFwv2JeKJ6vXQV1i7pbuc 6957 2
vendor/golang.org/x/sys/unix/syscall_linux_s390x.go QmQm7uaxr91tSnhJZVefS9HKSKad7LYiem1tZV9kRD1hQu 10678 2
vendor/golang.org/x/sys/unix/syscall_linux_sparc64.go QmdN5mfbghjjz3vYBLG6Ud1mAvjTjvRTtmdk1MkBa6Synq 5348 2
vendor/golang.org/x/sys/unix/syscall_netbsd.go QmaTYoJCbT3dBVUbiMWDyvhZaRsUcRJtdszZnZeooNHfWq 17437 2
vendor/golang.org/x/sys/unix/syscall_netbsd_386.go QmVcerTDyDcgr5X6sXEsnojRWnMtiMfFR7zfcYza27sXPg 735 2
vendor/golang.org/x/sys/unix/syscall_netbsd_amd64.go QmRoJwoAo4cdYF7ta1mhxqSD2tkzNXJp8EuqU5jnx6K4Ub 730 2
vendor/golang.org/x/sys/unix/syscall_netbsd_arm.go QmSDYy1nqHgXyb5CJoqdvwAkcweFpEHpwzpT35dMG1ASkB 735 2
vendor/golang.org/x/sys/unix/syscall_netbsd_arm64.go QmX33MpF6GNxM3WbQpJqBZiS5s6K5kgwPQoi3k3MSdhrWb 730 2
vendor/golang.org/x/sys/unix/syscall_openbsd.go QmW4cPmzAYpGu4mja3fpSKs9DiKvWA1DfMqV8CR2bKmmj9 12710 2
vendor/golang.org/x/sys/unix/syscall_openbsd_386.go QmZk1tVMWbFHSzY24Wwy82x8Vdgjqd8LgPemeYXZGMgDMC 915 2
vendor/golang.org/x/sys/unix/syscall_openbsd_amd64.go QmPWAmmHh5D7df8TcLav8njgT5CdGuWdNLNce6CNz8bhSy 905 2
vendor/golang.org/x/sys/unix/syscall_openbsd_arm.go QmazNHdu6fsPtBzbqpxVeTXQMJWyDyVaZRTbjGxwPVUx4q 915 2
vendor/golang.org/x/sys/unix/syscall_openbsd_arm64.go QmW6L5qoxyxX3RtpHVStf71kuykeXLSHfNgGRqRDPdXq6n 905 2
vendor/golang.org/x/sys/unix/syscall_solaris.go QmbFkGXvnzy3EyLLoyuDxNqKm7z5AND4Z4eoeQNZ2RsZQV 21924 2
vendor/golang.org/x/sys/unix/syscall_solaris_amd64.go QmdakbVuVVcqcrYebE9xcV2AUDru5zdtbaZKhPxV5RBB6z 509 2
vendor/golang.org/x/sys/unix/syscall_unix.go QmTcnVuU4KbUbtKp4drKDy3T6Zn5AMg4v8ZWdRSup1DUR3 10980 2
vendor/golang.org/x/sys/unix/syscall_unix_gc.go QmUyBdwVTfeepXJTxNnnbdvXky6gA2g5jVLu5GBwLjWfRi 622 2
vendor/golang.org/x/sys/unix/syscall_unix_gc_ppc64x.go QmUyL9yp7HHYpGCuKygk3mHfWKmdGbHU9g9nZGyyCvpnXL 798 2
vendor/golang.org/x/sys/unix/timestruct.go QmatCgDidbUheEyDYp14jrEH5kNgY6ZFtz2hHq6ntRKrND 2546 2
vendor/golang.org/x/sys/unix/unveil_openbsd.go QmWEM7EEn55vedUcojtMiRVGfzC5qamB9zPXbMHJrqRiQ1 1058 2
vendor/golang.org/x/sys/unix/xattr_bsd.go QmNU5VfAGgEC2V5TjCfBbCVJ81NtM3JeoTzJCKP6kTKzSN 5093 2
vendor/golang.org/x/sys/unix/zerrors_aix_ppc.go QmTMcdHU2kUhAs5fRe5V83FRK95giMuSFWzfG6Zq6zPsjQ 53293 2
vendor/golang.org/x/sys/unix/zerrors_aix_ppc64.go QmPkiBc25VRAzKWcdjUVZxUYaVNxmRVN6yXgUNxo7mRv38 53550 2
vendor/golang.org/x/sys/unix/zerrors_darwin_386.go QmQ73SLTpRZ9Jgosv46Fr8F2YTaVeDj6AhsMTKEtRyNfjH 74510 2
vendor/golang.org/x/sys/unix/zerrors_darwin_amd64.go QmNSpWwvFmjwR35sXCvGVPGjuLYM8JA9insLm2bCszgKUD 74512 2
vendor/golang.org/x/sys/unix/zerrors_darwin_arm.go QmWpQgZXfScQ7BHBfSb6BWRFemvfVqNKuiovkyMzosh8FJ 74500 2
vendor/golang.org/x/sys/unix/zerrors_darwin_arm64.go QmUx7j2ErhmwJwTHB7h9txF7qmC8bn4b17Qk6URceoYhSz 74512 2
vendor/golang.org/x/sys/unix/zerrors_dragonfly_amd64.go QmSSa7gAf9GuWUQDRQfHS1Af5MHx9buz39SVepjYVkJTUy 68678 2
vendor/golang.org/x/sys/unix/zerrors_freebsd_386.go QmZGpQLunxJny1f7cx32Leiuf3vfzJEZJ6GJjKD4LqSkjK 71501 2
vendor/golang.org/x/sys/unix/zerrors_freebsd_amd64.go QmPnCJU3FewmrjUCzCd967v8tCmfscuVv3YBrxj5xfsfp4 71553 2
vendor/golang.org/x/sys/unix/zerrors_freebsd_arm.go QmQtpYcV9w6MEAoMV6EQ4irHKhjekZHiPXsK3E78Y4upcE 71859 2
vendor/golang.org/x/sys/unix/zerrors_freebsd_arm64.go QmPkxFK4GG5t7GxmUrVmDX1CUECACfChdVTrEi1FsNExdV 71553 2
vendor/golang.org/x/sys/unix/zerrors_linux_386.go QmNyLUC2peFaLwScZv66WcnrBdUN4YoBqgA8NGcmhvuo1x 133721 2
vendor/golang.org/x/sys/unix/zerrors_linux_amd64.go QmQHGy4Q9VmdcKdxi3sbzqQDyF556SgFet5r2FNsqhbK3y 133729 2
vendor/golang.org/x/sys/unix/zerrors_linux_arm.go QmSBSffs7ii5MWzW9aXezksp2ZoERChUCJQk4TLg9cqTvf 133983 2
vendor/golang.org/x/sys/unix/zerrors_linux_arm64.go QmRvVhKRFN6ohp9ftjHjgeD9kzBfWHAN6A3pp45aYSXqya 133361 2
vendor/golang.org/x/sys/unix/zerrors_linux_mips.go QmSP2BaKV9p6Bpx6APFr2cwLzTCZo9tSLkTVG4h5q79UKz 134236 2
vendor/golang.org/x/sys/unix/zerrors_linux_mips64.go QmdWm6p4ETxovKqAXYNjPsPUJDBj7ARcmYLgsmcuG8XLzD 134237 2
vendor/golang.org/x/sys/unix/zerrors_linux_mips64le.go Qmd95jrB7VZXEj9MpKyN5hsPQBW5WdYioGMyAS3wbUfWJC 134239 2
vendor/golang.org/x/sys/unix/zerrors_linux_mipsle.go QmQ1MBAZX9A3FdL2k3nFqCePUcp6pp6B9Cee5ExvmXdaPq 134238 2
vendor/golang.org/x/sys/unix/zerrors_linux_ppc64.go QmVN2ymcMqXG3xaUP6VdFEa5QjLnCnPkEikRSxFFSpjhpa 136732 2
vendor/golang.org/x/sys/unix/zerrors_linux_ppc64le.go QmYHJcQZ7D7hUBQeRjqzVrJfyc5zNAW4CoU2xnXfZvqaNL 136734 2
vendor/golang.org/x/sys/unix/zerrors_linux_riscv64.go QmNwt9N7EvVxVCDijvXiWaTJ9jRuU5WYSGpEVk2FmBL7Ss 133132 2
vendor/golang.org/x/sys/unix/zerrors_linux_s390x.go QmS67qZkr2TXrY9LHYp2zEGdZWFeeLe79gyWLrh9gD87X4 136482 2
vendor/golang.org/x/sys/unix/zerrors_linux_sparc64.go QmVsLmuTviuuBga94oKaYDEDqxXNax3Msm6Jbve7qV2wtD 136583 2
vendor/golang.org/x/sys/unix/zerrors_netbsd_386.go QmXNQ3wBZ7WMvb289mmnXa5kSsADHzp1Jm7zjc3znpJvrU 74199 2
vendor/golang.org/x/sys/unix/zerrors_netbsd_amd64.go QmPpj5S4bwqFeTTxLymYjdUPBFNgTCgCzKjkZD2hgWo4fy 73781 2
vendor/golang.org/x/sys/unix/zerrors_netbsd_arm.go QmVe2qkvfw2Hzkt1Aeary1bQpRdxeTWp8c4ursKvHjKWdx 73312 2
vendor/golang.org/x/sys/unix/zerrors_netbsd_arm64.go QmPdF1m9nEkxrWgaJ7crW6TxR8tCXfp31c3NSCwm8J9Yfj 73781 2
vendor/golang.org/x/sys/unix/zerrors_openbsd_386.go Qma9eW8xJXZF5fLDx1YLvRyoP5waEyuwAoNVZH6wejwmmD 69345 2
vendor/golang.org/x/sys/unix/zerrors_openbsd_amd64.go QmTkNmmWSmc1Yx9K3qvoSvy5dZYphR3e1kY3aYvy4wnLk6 74083 2
vendor/golang.org/x/sys/unix/zerrors_openbsd_arm.go QmQsZv6ococaQvNxGRXgZFpXXHBS46BsBxcpB4dgyX5VoE 69421 2
vendor/golang.org/x/sys/unix/zerrors_openbsd_arm64.go QmYXKnMe4HnebpffE2y2QTShHmHVaDcYjP5ib2GNGayZvP 75189 2
vendor/golang.org/x/sys/unix/zerrors_solaris_amd64.go QmWxacCEPugGWfYfhzpWncVKo59LjB2wuXqQQomFq3TME2 59460 2
vendor/golang.org/x/sys/unix/zptrace386_linux.go QmTezDwFJRx9yqU3EeuVC55TXxeWSccdD9v4WEoFqYwQFX 1870 2
vendor/golang.org/x/sys/unix/zptracearm_linux.go QmQvidYB3ndwczpEfjJLmJK8EK5Kqv6Mc5mvLANTtLUEM9 1221 2
vendor/golang.org/x/sys/unix/zptracemips_linux.go QmNNYeVBaCorZfKAzx7p9zftYSsy62tURRs2wRGzLcpmug 1411 2
vendor/golang.org/x/sys/unix/zptracemipsle_linux.go Qmf24aKushtnksfTQDe28cVeoHFc7uAGtp6vXb9DEYnHX9 1463 2
vendor/golang.org/x/sys/unix/zsyscall_aix_ppc.go Qmdsyc37dn3ErUDygmhHeV7FxLebVwzNiMsvsrS4FpJno4 36994 2
vendor/golang.org/x/sys/unix/zsyscall_aix_ppc64.go QmdehpXqV9YuHA2PgS75q8gfQAfpPjsB1owtFkv2T3iNtv 31200 2
vendor/golang.org/x/sys/unix/zsyscall_aix_ppc64_gc.go QmNaXNJzxwZTpisAJJc4B88BxFwpUtVdPJFy1egs8zzqAK 43457 2
vendor/golang.org/x/sys/unix/zsyscall_aix_ppc64_gccgo.go Qmbd3dgTpxALSN9sGzopYGsDBVWqUYsNQfXRah9xj2CeQx 31466 2
vendor/golang.org/x/sys/unix/zsyscall_darwin_386.1_11.go QmRhoC8YxKLRk3vhFNneNcLCbS3ihhpbvpbGbommLM8sjR 43990 2
vendor/golang.org/x/sys/unix/zsyscall_darwin_386.go QmX9rQ9Y9KaYt5hR7wFPEqDar9PzW9j4d34sJ1hDJxjS4J 68556 2
vendor/golang.org/x/sys/unix/zsyscall_darwin_386.s QmbgPYrgVyFEF62mhQXJodEdFzA3xWAdMwWyeZit2PhJho 9928 2
vendor/golang.org/x/sys/unix/zsyscall_darwin_amd64.1_11.go QmVLFk5VuYSwH5BvaRAxTrEKwp8p2L6Ti3SyHVkLXLETFx 43816 2
vendor/golang.org/x/sys/unix/zsyscall_darwin_amd64.go QmXRbnTFXg7nyXY8mqpwoZoQf5P9avcYMUxBidTd7eohxn 68857 2
vendor/golang.org/x/sys/unix/zsyscall_darwin_amd64.s QmaeM5o3Qu2koUaGkxoVBhF1RjR5YdFiUfyejXjZQWMXfv 10012 2
vendor/golang.org/x/sys/unix/zsyscall_darwin_arm.1_11.go QmatW6yBbgdKwMueQaCgp5xJoibFB8fo5LFbrFLC5tGJ5S 43525 2
vendor/golang.org/x/sys/unix/zsyscall_darwin_arm.go QmfJgdiwfor16SaHp6BjDKGD38rCvMaXUvFwpe8asvctmH 67794 2
vendor/golang.org/x/sys/unix/zsyscall_darwin_arm.s QmT4KzafKTHCNEHkLHzVB2YMmeoSMpEadAwU9eGyopcGaZ 9810 2
vendor/golang.org/x/sys/unix/zsyscall_darwin_arm64.1_11.go Qmbywm4wSppDa2awFmqKxcMYjWBgAp4PBWm4NSdSGNTimR 43351 2
vendor/golang.org/x/sys/unix/zsyscall_darwin_arm64.go Qmac3rkN6WnUBYTjGE2DWVdkAp2896ygXvEXFRAyMUA3HQ 67620 2
vendor/golang.org/x/sys/unix/zsyscall_darwin_arm64.s QmWwGfC2j21GoR4ELqShnJDWzmpEsXfYPy83b7utJYdKGj 9812 2
vendor/golang.org/x/sys/unix/zsyscall_dragonfly_amd64.go QmXq7dsQT7C9Dve7L13ENErPpTSgTvt5xbWihzTYhmmPTp 39965 2
vendor/golang.org/x/sys/unix/zsyscall_freebsd_386.go QmPSCjZMZJTFJmWRZnjJfC5djXYHuAiJK4UjrSwD6759CN 49665 2
vendor/golang.org/x/sys/unix/zsyscall_freebsd_amd64.go QmbUeKLscUAE3yBtww1ivsAHSB8rjCijnK47h8sv3GSHQW 49482 2
vendor/golang.org/x/sys/unix/zsyscall_freebsd_arm.go QmQ1mtvDLWhjGLvN3oqbKrm2tHHDmRZC8U2sDs2GK5WWvp 49699 2
vendor/golang.org/x/sys/unix/zsyscall_freebsd_arm64.go QmPnAzb5XJygCcyHPw9fy6ZcFJzmMoheMUmvLqaMbkhSwi 49485 2
vendor/golang.org/x/sys/unix/zsyscall_linux_386.go QmeJjkWTL5z7eH7noYbmyL3uh198bzXyh94sthCLpcGSBn 55696 2
vendor/golang.org/x/sys/unix/zsyscall_linux_amd64.go QmXgLnPiifEZy6EvJ9oDz7xaMCd2e9stTSAAvCrJos8Yia 60263 2
vendor/golang.org/x/sys/unix/zsyscall_linux_arm.go QmcxfoE1MJKrkcESBgbQQmWW4aXVgfXLEUnYk7n2hddxyn 59873 2
vendor/golang.org/x/sys/unix/zsyscall_linux_arm64.go QmW5xJ2S4tycGG6aAq7vx8avC65phHnqdvUur7eZubCjwg 57000 2
vendor/golang.org/x/sys/unix/zsyscall_linux_mips.go QmWtZG2NPuuCfc1yw299abTpsTgxfErBZ5Rsgv9t7Jb1wj 60783 2
vendor/golang.org/x/sys/unix/zsyscall_linux_mips64.go QmQrQbKSR8cXMnvv5iky3Bv5x5Q4YuVdVztipF7ALoTtva 59830 2
vendor/golang.org/x/sys/unix/zsyscall_linux_mips64le.go Qmenh2NYmtBKHqD839Mxn9MqjnLSZiRxmyBCVTo8AxDm4m 59834 2
vendor/golang.org/x/sys/unix/zsyscall_linux_mipsle.go QmbWbLZimKJu4sGcW3bbvtv6ckNgzbSyWH7bz7nBbbk6fb 60787 2
vendor/golang.org/x/sys/unix/zsyscall_linux_ppc64.go QmNszKp91sLDifUpYAakrjz44ubqNWJxZQFxov2KEj8udB 61827 2
vendor/golang.org/x/sys/unix/zsyscall_linux_ppc64le.go QmdyMnj5tJgF859Rwa4FPxotYQ6oCdmGGqC396PM94DJKH 61831 2
vendor/golang.org/x/sys/unix/zsyscall_linux_riscv64.go QmNvniqgskjPJNmCbR1TTKwt95p93rhBv9b48GcmZF5iyC 56497 2
vendor/golang.org/x/sys/unix/zsyscall_linux_s390x.go QmXJPwsje7xqqMuNv5xcFMTWb7RnVexYcmNBpfGTWzZafh 55469 2
vendor/golang.org/x/sys/unix/zsyscall_linux_sparc64.go QmYY3bWXtYgTPMadEDWuCjja2XqkgN9PazfjMR2ujcfMge 60192 2
vendor/golang.org/x/sys/unix/zsyscall_netbsd_386.go QmUu3HFkUQmtEfQqha5ZGoazDnj3mC4JSGoC6BnxNXePp2 44436 2
vendor/golang.org/x/sys/unix/zsyscall_netbsd_amd64.go QmfKayAGVprKNKF84kT7FGczMthmXSTLqV92x9dUTiiCtk 44243 2
vendor/golang.org/x/sys/unix/zsyscall_netbsd_arm.go QmNPtCo8HouHfAb185TK33HZdtRCJQTbRa4G5wbiq7m2fx 44441 2
vendor/golang.org/x/sys/unix/zsyscall_netbsd_arm64.go QmNSP4kQpLQqVHZYCFcVkbE3kYTzuMZZ2cCKXYpwkxxmjv 44243 2
vendor/golang.org/x/sys/unix/zsyscall_openbsd_386.go QmVdRdD364cJ8de4FCMTf1bVUS6FmsatzXS2b18EhBttAg 40449 2
vendor/golang.org/x/sys/unix/zsyscall_openbsd_amd64.go QmX42vTFdQsiu1NU6K58SJZWz7nvQfMGnm6s3bY7JjrrFJ 40301 2
vendor/golang.org/x/sys/unix/zsyscall_openbsd_arm.go QmUAqn2usjFqNs4ZXpn3ijWjVsH9JUoSGCpGHU1Xa4X7z8 40454 2
vendor/golang.org/x/sys/unix/zsyscall_openbsd_arm64.go Qmbu2ZgFWpUHNeAAs8bkwjG6Ncf34G8xrteGb8kr6qFP5M 40301 2
vendor/golang.org/x/sys/unix/zsyscall_solaris_amd64.go QmYVpvXHdrRMyheMPbXsJvcSfWhQAkAy5w9o6B4zxLRiGv 55071 2
vendor/golang.org/x/sys/unix/zsysctl_openbsd_386.go QmRqtAAUH5QPj4t3KPRG9FofnE6AWszG3riibtFLRJjQos 12007 2
vendor/golang.org/x/sys/unix/zsysctl_openbsd_amd64.go QmRP4LH1qvdXR1MYMXymvmnJNjPJPQSC1x5db6y4MmdB9w 11885 2
vendor/golang.org/x/sys/unix/zsysctl_openbsd_arm.go QmWRyjnZkbupFdGgD2vzLGwdkuJFpuxYKyXM6tcbkbGCKy 12014 2
vendor/golang.org/x/sys/unix/zsysctl_openbsd_arm64.go QmYTrA1yWm1ch4z4wsoMB6GbNSWL5moRE237UHCeoUs6rE 12062 2
vendor/golang.org/x/sys/unix/zsysnum_darwin_386.go QmS54K2x7A9MSrrU1bdrFP3TLXcQKGv8LRr9jdxZbAXHkN 18114 2
vendor/golang.org/x/sys/unix/zsysnum_darwin_amd64.go QmbTadERsc6cZQVtTmBER9njcCvQFvoqo42UzK87A1jPUj 18200 2
vendor/golang.org/x/sys/unix/zsysnum_darwin_arm.go QmRNDy9upBGTBWjL1uqoTupAJQ2BPBtAPSRoSF49LBLuYm 18117 2
vendor/golang.org/x/sys/unix/zsysnum_darwin_arm64.go QmXzSUbWbcXocU1FPwQFGbZ6yfhpSuCP6mpwdR4fgW1U3n 18119 2
vendor/golang.org/x/sys/unix/zsysnum_dragonfly_amd64.go QmQRs2zNwWFcJks9DQt9t5qGZ4bZqzqwWiudhBrLdi8LCh 27039 2
vendor/golang.org/x/sys/unix/zsysnum_freebsd_386.go QmcvqnHMw1ak3hWMZChucRdsrXEGdUK7Hho7ENWHHVBfN1 37027 2
vendor/golang.org/x/sys/unix/zsysnum_freebsd_amd64.go QmYrLVEarPC9gbJRNhWxJZtkeGECfgD43yxAPi9mxzibwr 37029 2
vendor/golang.org/x/sys/unix/zsysnum_freebsd_arm.go QmX1hAPj6M7vzv8WEfDUYr87dwyPfXqETTG5N4cRrXYJ1Z 37027 2
vendor/golang.org/x/sys/unix/zsysnum_freebsd_arm64.go QmP6G7MVw99kecdDspubvXnbfyi9DaHx2sTUz4yNPnJd3b 37029 2
vendor/golang.org/x/sys/unix/zsysnum_linux_386.go QmNscJmxvkm6VUZfpxhbxegNCV2wKDgfKznYLNKnvthBpb 16780 2
vendor/golang.org/x/sys/unix/zsysnum_linux_amd64.go QmRDU9w5tXoMBFGhirfgxZZggYeCJi4sAAvfPWRfhFgDty 11628 2
vendor/golang.org/x/sys/unix/zsysnum_linux_arm.go QmPw3tqdQwNasRmjN7hx2NxV9au1DVG6G1qSZwkjZkZ1hW 15362 2
vendor/golang.org/x/sys/unix/zsysnum_linux_arm64.go QmaprdjgFy8W5dVRPAeTh623yvDazas7XNfXVGyvqDMQtK 9767 2
vendor/golang.org/x/sys/unix/zsysnum_linux_mips.go QmRWQdbHDyAtacDZ4b9tgrA1MbmvbKCjMfghim5N7fcGk9 16688 2
vendor/golang.org/x/sys/unix/zsysnum_linux_mips64.go Qme1kwTqyaR9Bu1pALtNEd7yYdvFhFAxszM4kfigDW8LXQ 11828 2
vendor/golang.org/x/sys/unix/zsysnum_linux_mips64le.go QmU1XraUgWkeoA3EDxmh18aSuUMmn4NqV8Rz7y6PukAE8m 11830 2
vendor/golang.org/x/sys/unix/zsysnum_linux_mipsle.go QmYstgNgu24DEgFeKq1RcXRdmWxncqcTZAuVQHYVjYW9Jw 16690 2
vendor/golang.org/x/sys/unix/zsysnum_linux_ppc64.go QmZTmrczrZxywiZd9fR4ogV7VdP6uPbxneUXQa8wL6dM9Y 13051 2
vendor/golang.org/x/sys/unix/zsysnum_linux_ppc64le.go QmTxrEzJLrJJYmZvLsrgBChnEZBYLfiwVt4MYCzquneWLK 13053 2
vendor/golang.org/x/sys/unix/zsysnum_linux_riscv64.go QmNpMbShUTpjM9jK7mrrxqaLqrVawP8RKmgpu6J8HnmBNL 9722 2
vendor/golang.org/x/sys/unix/zsysnum_linux_s390x.go QmSm6E4ReQPvSeUoBoPNkmEjmTntDSrtRsJpLhatSA9u7u 11908 2
vendor/golang.org/x/sys/unix/zsysnum_linux_sparc64.go QmYHGXCkFtpnPGcYFYpCCD1BbjD9eHJbArXfzJVNEGfdb4 12389 2
vendor/golang.org/x/sys/unix/zsysnum_netbsd_386.go QmQgC7gRbN66hxt3nE72vKouBDNBvJQS9L2nB5ibjTvkP5 26338 2
vendor/golang.org/x/sys/unix/zsysnum_netbsd_amd64.go QmUiTE6BiuM2ANF1yjokGo4Lp55Dmgf5Lpnd2vUSv445qk 26340 2
vendor/golang.org/x/sys/unix/zsysnum_netbsd_arm.go QmdgSE8GuphGzKSBu7Qx793BdshEWitCWCwwJmTksgRr1A 26338 2
vendor/golang.org/x/sys/unix/zsysnum_netbsd_arm64.go QmcR8Ts4vyLqoARArJDKGjE15RLTuCqKmcouBAKAMxpmc7 26325 2
vendor/golang.org/x/sys/unix/zsysnum_openbsd_386.go QmWCv79CKDFHxv7R8MDXV4vriT68f9BZDKmHwHNCT3SxGP 18270 2
vendor/golang.org/x/sys/unix/zsysnum_openbsd_amd64.go QmcrN5qxLD1UbJkZHisTHYzL8mis3uFvypLrFbiPByyHUN 18272 2
vendor/golang.org/x/sys/unix/zsysnum_openbsd_arm.go QmdPGQM42m9BXVmk1uUWZxGDBcBx6m4SfXzYCK9VC4C9AN 18270 2
vendor/golang.org/x/sys/unix/zsysnum_openbsd_arm64.go Qmcvn7udL6hRWaruKyEA7FMieYTxK6XuE8vY8ekjLVq6Az 18187 2
vendor/golang.org/x/sys/unix/ztypes_aix_ppc.go QmYXMC6bQjViTeRhnxjwZFn3BGN3CszR6WoQ8Axn1DeZVc 4997 2
vendor/golang.org/x/sys/unix/ztypes_aix_ppc64.go QmYMugrBYPtVNxxRbumNhSr4W6ckpoXqpLbtAvZJPxWLV6 5068 2
vendor/golang.org/x/sys/unix/ztypes_darwin_386.go QmdJyDMJoSAC4tyeSTavad7R6CAwUDez8NYiqzmtUDtcvM 7399 2
vendor/golang.org/x/sys/unix/ztypes_darwin_amd64.go QmdBVq7pqi3tCFwoCT51sD5c8ef3xX1M15DYWz26PAtv6r 7536 2
vendor/golang.org/x/sys/unix/ztypes_darwin_arm.go QmRBwB1xdduPsdJn5zWnXj357f95nqV6q7nXH9XLSjAqEe 7417 2
vendor/golang.org/x/sys/unix/ztypes_darwin_arm64.go QmbTCGFHzJJcJZTooJLvpY98GU5gJSHWDF58ZJvjZXq3sf 7536 2
vendor/golang.org/x/sys/unix/ztypes_dragonfly_amd64.go QmQDhEoQyd6k5F9qnVjeM1pwmu11xGEpSuWXmGJwbtR2MD 6996 2
vendor/golang.org/x/sys/unix/ztypes_freebsd_386.go QmShH4iq8AG7EJXKyGcn3QL2AFaxRg4qDf7fe9mVBLBv4p 10829 2
vendor/golang.org/x/sys/unix/ztypes_freebsd_amd64.go QmRxpycy9JYAnY5vebRgKDY69DMfhomhsGaHcmirTHfSTN 10902 2
vendor/golang.org/x/sys/unix/ztypes_freebsd_arm.go QmVgr8TYbRRgNQrTTGFYxvnHCaMBZ87Pt6xY4ipgrA3heN 10600 2
vendor/golang.org/x/sys/unix/ztypes_freebsd_arm64.go QmZ42wu15PoqtrN6Zz7FhwUmDS3anMKSXDYQ6Q9ya4zG3e 10590 2
vendor/golang.org/x/sys/unix/ztypes_linux_386.go QmNsYegYUcwhockEzQunWE4F2ppsCvJjeecuW2mFBuCs2j 64468 2
vendor/golang.org/x/sys/unix/ztypes_linux_amd64.go QmeT7cDoYSmzT9GWhJWvZDVPZt7pSYJX6bzU6qF3uLfBvg 64680 2
vendor/golang.org/x/sys/unix/ztypes_linux_arm.go QmavKYNAFALNFSzxjdRNQi3AnP529fMAjAA9Z2PNRqMoE4 64354 2
vendor/golang.org/x/sys/unix/ztypes_linux_arm64.go QmZz7BLXjcUeYPB18dw99doMkFKgjWK4K2CnumM24Qcjv9 64324 2
vendor/golang.org/x/sys/unix/ztypes_linux_mips.go QmURFquGMpcGug6wz5vMFowY9znCA6vzSohQziLnVz7yQZ 64438 2
vendor/golang.org/x/sys/unix/ztypes_linux_mips64.go QmdEznQbqWV8aUjF8tjHbwe6zfpeQ4fNK3jSv39MuGZQ5P 64366 2
vendor/golang.org/x/sys/unix/ztypes_linux_mips64le.go QmeSxjyZyWSZoaBGRnyVH4enqERRt6DP1swpkXGPxU4zBq 64368 2
vendor/golang.org/x/sys/unix/ztypes_linux_mipsle.go QmZDCRFHW5WFGojfLdXwC1suqjcpcbFN5JRvAYXbzN4msh 64440 2
vendor/golang.org/x/sys/unix/ztypes_linux_ppc64.go QmdufCT6M529FwcasPSTeXm4APJQ2RbUPnKHPrZ3nKdUpC 64533 2
vendor/golang.org/x/sys/unix/ztypes_linux_ppc64le.go QmUxFKjRTNNAfrQQTHLqYdAxWbXYp3Rai1V9vJQ7Zbqoz9 64535 2
vendor/golang.org/x/sys/unix/ztypes_linux_riscv64.go QmZDL5VjuH5P4Td8FtHGzv3nHDCHAh783jrhU2rAX1otAm 64649 2
vendor/golang.org/x/sys/unix/ztypes_linux_s390x.go QmVV1f1Gc25Ro8CLBLBS3v4gAMjbKAaDu8jQkjm4XFDTCk 64840 2
vendor/golang.org/x/sys/unix/ztypes_linux_sparc64.go QmbQ5T4vVBt3koieGz1U3bWXpfR9pSGioFw1woqBWiBmcu 64388 2
vendor/golang.org/x/sys/unix/ztypes_netbsd_386.go QmYFBarpV2suXst7t2oKubhMTPTjJBQeFhoY57UV9rhYjU 6930 2
vendor/golang.org/x/sys/unix/ztypes_netbsd_amd64.go QmPXDXxzG5vTrNz2yu3iHdaoqQHwFNhmSXuaSQWnUf3Uew 7098 2
vendor/golang.org/x/sys/unix/ztypes_netbsd_arm.go QmWdna4ivWpBde6CkNoYrYfi7qjJkCYtyVqAXYbhucboa3 7057 2
vendor/golang.org/x/sys/unix/ztypes_netbsd_arm64.go QmYnz9VdiXgVbvFNQatZdjPeBB7WkD4sD5ggLkBzBH1d2Z 7098 2
vendor/golang.org/x/sys/unix/ztypes_openbsd_386.go Qmd7GrrHGqBdg96yopajQ6XWGYwqLsRFZXeEdXgVyYyVik 9612 2
vendor/golang.org/x/sys/unix/ztypes_openbsd_amd64.go QmTxCWGRuBkTt18Xb9gDU21Pys1iMYzUs8YAMHKdJcJi4e 9492 2
vendor/golang.org/x/sys/unix/ztypes_openbsd_arm.go Qmc2zSfxVexzLxrcSGo2arX8u1aTgZubtfSZdQVUq3AU5e 9511 2
vendor/golang.org/x/sys/unix/ztypes_openbsd_arm64.go QmS4WfRLxTkjwJ8vn2ptJookHaKoikGLvvJ1ZLsFYcKW4N 9392 2
vendor/golang.org/x/sys/unix/ztypes_solaris_amd64.go QmPCY3gchaV3ax2ZYbuGXVECuDk5ikkZFpsstuU9Newfnm 6503 2
vendor/golang.org/x/sys/windows/aliases.go Qma1LxkaCDgHgSKrrfiSTmy1FK97TU575CDUcFUKQz7zxn 296 2
vendor/golang.org/x/sys/windows/asm_windows_386.s Qma6No2ESSAA24D5sbgz4kbZUiDD4iLAnyKbHNrabx524J 380 2
vendor/golang.org/x/sys/windows/asm_windows_amd64.s QmYAMGZN79EG2Uk9un7uTbMu8L2CfjrudpGVZd1REtcq73 382 2
vendor/golang.org/x/sys/windows/asm_windows_arm.s QmZEAntCGZMs5AP13oNXEiKDE4kVRuaruu1nUvBroQWYpc 314 2
vendor/golang.org/x/sys/windows/dll_windows.go QmabgPZq9cH6hbZnuGyV4uQ6oPznDVuinPkbzBjPLVQBYc 11166 2
vendor/golang.org/x/sys/windows/env_windows.go QmSuVrHinZXeG1wwY7AntU92FWz7KvsFUjSA8YMtxo8NAB 1368 2
vendor/golang.org/x/sys/windows/eventlog.go QmbFAB7KUksjrZjts9sy1hBYhT74163rqTafKk7aqJAVgr 824 2
vendor/golang.org/x/sys/windows/exec_windows.go QmNd3hLa84pGUdc7tjExa2uUpTWPFEMJDohQmUfDUAmTk6 1949 2
vendor/golang.org/x/sys/windows/memory_windows.go QmPEkt3V3GfDAk47bjffGJYKZMD5p9ojJfKbFYftyseQgD 705 2
vendor/golang.org/x/sys/windows/mkerrors.bash QmaHLtPR3oqPVZQwKKA8Bf6LximW7xQwsksSPBtrRMHwNF 1774 2
vendor/golang.org/x/sys/windows/mkknownfolderids.bash QmRNVRsoRdtoJW9DgrMAJWi8evPBQSUHxFxYf3bqXeMecm 1382 2
vendor/golang.org/x/sys/windows/mksyscall.go Qmf3izSSf3jnj5Q1RnDngwzem3WmnVyEGfj6VhGG6EHN6U 349 2
vendor/golang.org/x/sys/windows/race.go QmcEh9u4uP4f95GcU4ZhauapCt5BpY3TVQiLeW8vLkAQ7K 587 2
vendor/golang.org/x/sys/windows/race0.go QmVyBgXjhTk7bjVHDJziXT7vFJ1FoA4KHC8Q6yu47FaiHm 450 2
vendor/golang.org/x/sys/windows/security_windows.go QmScQCbzYtnuPBiFSv3PHvas76HDVxGkvRd2BG9jxAyCmW 30220 2
vendor/golang.org/x/sys/windows/service.go QmTCBc6xBHEXqHisHhsncrgybDtKnGTWcuGJ1kdSayD63Y 8888 2
vendor/golang.org/x/sys/windows/str.go QmWr8JPXtnV6drtJBLtbH79TSYEc8ikG7Qe51tpukPpnew 503 2
vendor/golang.org/x/sys/windows/syscall.go QmT1SWQZxwVJvMadVZNXeXCxsc7w3fqRfqVCCEgWuD8Rci 2413 2
vendor/golang.org/x/sys/windows/syscall_windows.go QmQjc9Ts7gpXW14SwJRFyZK47FmzzA3sg9R54dY7kTD7zC 52444 2
vendor/golang.org/x/sys/windows/types_windows.go QmUDZHMGWtE83MrdtjfvoPtaTxQDahUzEiwYHjzK822sc8 46206 2
vendor/golang.org/x/sys/windows/types_windows_386.go QmfTt94iW2HphYQFkncPZ2VyHkjdT7QVjKnBuxz8GM5H5T 477 2
vendor/golang.org/x/sys/windows/types_windows_amd64.go QmZM2dgKSVLXMEirye3HHRByVoGrBxCneS2vm65LvLDaiT 477 2
vendor/golang.org/x/sys/windows/types_windows_arm.go QmUTduN3a6WK3EtoEjQYktcb1xmsDr9mNb7v9pyuWjb9XA 477 2
vendor/golang.org/x/sys/windows/zerrors_windows.go QmdeMJVBUsrnsMk3KeZPdWQ2joPMNFKu6E87Y9a52eLHYS 678909 2
vendor/golang.org/x/sys/windows/zknownfolderids_windows.go QmdusJqfmq6Q8euPSrbwRKgRLVXVxEQ5BjEMxfK2irwmxa 19145 2
vendor/golang.org/x/sys/windows/zsyscall_windows.go QmaMou5TkXJdPQ5C729RfdhPeW45uc5pJQnDQvB9SEbfne 111256 2
vendor/modules.txt Qmbm1fQaZKLtadXMgBVpbRSCVjJ3ha6hcLhrq4HoC9rNo5 3153 2
ipfs-tool QmeKKmNdFSNAvwgDfw9WWQh2PPWczk5xqwufqCkDnE2zZg 14238970 2
main.go QmRMacn6jaHBTWWTWQVuTdtwWgHzNiCokLhW7NcSXfdVt3 4698 2
/home/gws/jkzl.mp4 QmRGmJgP4q4FkyZ7xiLH4UKuN4ZGF5WbYHQ4W94uXUeqfL 586432561 2
